{"/home/rick/Dokumente/Privat/golden-key/src/client/app/App.tsx":{"path":"/home/rick/Dokumente/Privat/golden-key/src/client/app/App.tsx","statementMap":{"0":{"start":{"line":2,"column":22},"end":{"line":12,"column":3}},"1":{"start":{"line":3,"column":4},"end":{"line":3,"column":33}},"2":{"start":{"line":3,"column":26},"end":{"line":3,"column":33}},"3":{"start":{"line":4,"column":15},"end":{"line":4,"column":52}},"4":{"start":{"line":5,"column":4},"end":{"line":7,"column":5}},"5":{"start":{"line":6,"column":6},"end":{"line":6,"column":68}},"6":{"start":{"line":6,"column":51},"end":{"line":6,"column":63}},"7":{"start":{"line":8,"column":4},"end":{"line":8,"column":39}},"8":{"start":{"line":10,"column":4},"end":{"line":10,"column":33}},"9":{"start":{"line":10,"column":26},"end":{"line":10,"column":33}},"10":{"start":{"line":11,"column":4},"end":{"line":11,"column":17}},"11":{"start":{"line":13,"column":25},"end":{"line":17,"column":2}},"12":{"start":{"line":14,"column":4},"end":{"line":14,"column":72}},"13":{"start":{"line":16,"column":4},"end":{"line":16,"column":21}},"14":{"start":{"line":18,"column":19},"end":{"line":24,"column":1}},"15":{"start":{"line":19,"column":4},"end":{"line":19,"column":42}},"16":{"start":{"line":19,"column":31},"end":{"line":19,"column":42}},"17":{"start":{"line":20,"column":17},"end":{"line":20,"column":19}},"18":{"start":{"line":21,"column":4},"end":{"line":21,"column":141}},"19":{"start":{"line":21,"column":21},"end":{"line":21,"column":141}},"20":{"start":{"line":21,"column":40},"end":{"line":21,"column":141}},"21":{"start":{"line":21,"column":109},"end":{"line":21,"column":141}},"22":{"start":{"line":22,"column":4},"end":{"line":22,"column":36}},"23":{"start":{"line":23,"column":4},"end":{"line":23,"column":18}},"24":{"start":{"line":25,"column":22},"end":{"line":27,"column":1}},"25":{"start":{"line":26,"column":4},"end":{"line":26,"column":62}},"26":{"start":{"line":28,"column":0},"end":{"line":28,"column":62}},"27":{"start":{"line":29,"column":25},"end":{"line":29,"column":52}},"28":{"start":{"line":30,"column":14},"end":{"line":30,"column":44}},"29":{"start":{"line":31,"column":25},"end":{"line":31,"column":54}},"30":{"start":{"line":32,"column":15},"end":{"line":32,"column":69}},"31":{"start":{"line":33,"column":0},"end":{"line":33,"column":22}},"32":{"start":{"line":34,"column":14},"end":{"line":34,"column":32}},"33":{"start":{"line":36,"column":13},"end":{"line":36,"column":65}},"34":{"start":{"line":36,"column":74},"end":{"line":36,"column":79}},"35":{"start":{"line":36,"column":91},"end":{"line":36,"column":96}},"36":{"start":{"line":37,"column":16},"end":{"line":37,"column":48}},"37":{"start":{"line":38,"column":4},"end":{"line":52,"column":56}},"38":{"start":{"line":54,"column":0},"end":{"line":54,"column":22}}},"fnMap":{"0":{"name":"(anonymous_0)","decl":{"start":{"line":2,"column":74},"end":{"line":2,"column":75}},"loc":{"start":{"line":2,"column":96},"end":{"line":9,"column":1}},"line":2},"1":{"name":"(anonymous_1)","decl":{"start":{"line":6,"column":38},"end":{"line":6,"column":39}},"loc":{"start":{"line":6,"column":49},"end":{"line":6,"column":65}},"line":6},"2":{"name":"(anonymous_2)","decl":{"start":{"line":9,"column":6},"end":{"line":9,"column":7}},"loc":{"start":{"line":9,"column":28},"end":{"line":12,"column":1}},"line":9},"3":{"name":"(anonymous_3)","decl":{"start":{"line":13,"column":80},"end":{"line":13,"column":81}},"loc":{"start":{"line":13,"column":95},"end":{"line":15,"column":1}},"line":13},"4":{"name":"(anonymous_4)","decl":{"start":{"line":15,"column":5},"end":{"line":15,"column":6}},"loc":{"start":{"line":15,"column":20},"end":{"line":17,"column":1}},"line":15},"5":{"name":"(anonymous_5)","decl":{"start":{"line":18,"column":50},"end":{"line":18,"column":51}},"loc":{"start":{"line":18,"column":65},"end":{"line":24,"column":1}},"line":18},"6":{"name":"(anonymous_6)","decl":{"start":{"line":25,"column":56},"end":{"line":25,"column":57}},"loc":{"start":{"line":25,"column":71},"end":{"line":27,"column":1}},"line":25},"7":{"name":"App","decl":{"start":{"line":35,"column":9},"end":{"line":35,"column":12}},"loc":{"start":{"line":35,"column":15},"end":{"line":53,"column":1}},"line":35}},"branchMap":{"0":{"loc":{"start":{"line":2,"column":22},"end":{"line":12,"column":3}},"type":"binary-expr","locations":[{"start":{"line":2,"column":23},"end":{"line":2,"column":27}},{"start":{"line":2,"column":31},"end":{"line":2,"column":51}},{"start":{"line":2,"column":57},"end":{"line":12,"column":2}}],"line":2},"1":{"loc":{"start":{"line":2,"column":57},"end":{"line":12,"column":2}},"type":"cond-expr","locations":[{"start":{"line":2,"column":74},"end":{"line":9,"column":1}},{"start":{"line":9,"column":6},"end":{"line":12,"column":1}}],"line":2},"2":{"loc":{"start":{"line":3,"column":4},"end":{"line":3,"column":33}},"type":"if","locations":[{"start":{"line":3,"column":4},"end":{"line":3,"column":33}},{"start":{"line":3,"column":4},"end":{"line":3,"column":33}}],"line":3},"3":{"loc":{"start":{"line":5,"column":4},"end":{"line":7,"column":5}},"type":"if","locations":[{"start":{"line":5,"column":4},"end":{"line":7,"column":5}},{"start":{"line":5,"column":4},"end":{"line":7,"column":5}}],"line":5},"4":{"loc":{"start":{"line":5,"column":8},"end":{"line":5,"column":85}},"type":"binary-expr","locations":[{"start":{"line":5,"column":8},"end":{"line":5,"column":13}},{"start":{"line":5,"column":18},"end":{"line":5,"column":84}}],"line":5},"5":{"loc":{"start":{"line":5,"column":18},"end":{"line":5,"column":84}},"type":"cond-expr","locations":[{"start":{"line":5,"column":34},"end":{"line":5,"column":47}},{"start":{"line":5,"column":50},"end":{"line":5,"column":84}}],"line":5},"6":{"loc":{"start":{"line":5,"column":50},"end":{"line":5,"column":84}},"type":"binary-expr","locations":[{"start":{"line":5,"column":50},"end":{"line":5,"column":63}},{"start":{"line":5,"column":67},"end":{"line":5,"column":84}}],"line":5},"7":{"loc":{"start":{"line":10,"column":4},"end":{"line":10,"column":33}},"type":"if","locations":[{"start":{"line":10,"column":4},"end":{"line":10,"column":33}},{"start":{"line":10,"column":4},"end":{"line":10,"column":33}}],"line":10},"8":{"loc":{"start":{"line":13,"column":25},"end":{"line":17,"column":2}},"type":"binary-expr","locations":[{"start":{"line":13,"column":26},"end":{"line":13,"column":30}},{"start":{"line":13,"column":34},"end":{"line":13,"column":57}},{"start":{"line":13,"column":63},"end":{"line":17,"column":1}}],"line":13},"9":{"loc":{"start":{"line":13,"column":63},"end":{"line":17,"column":1}},"type":"cond-expr","locations":[{"start":{"line":13,"column":80},"end":{"line":15,"column":1}},{"start":{"line":15,"column":5},"end":{"line":17,"column":1}}],"line":13},"10":{"loc":{"start":{"line":18,"column":19},"end":{"line":24,"column":1}},"type":"binary-expr","locations":[{"start":{"line":18,"column":20},"end":{"line":18,"column":24}},{"start":{"line":18,"column":28},"end":{"line":18,"column":45}},{"start":{"line":18,"column":50},"end":{"line":24,"column":1}}],"line":18},"11":{"loc":{"start":{"line":19,"column":4},"end":{"line":19,"column":42}},"type":"if","locations":[{"start":{"line":19,"column":4},"end":{"line":19,"column":42}},{"start":{"line":19,"column":4},"end":{"line":19,"column":42}}],"line":19},"12":{"loc":{"start":{"line":19,"column":8},"end":{"line":19,"column":29}},"type":"binary-expr","locations":[{"start":{"line":19,"column":8},"end":{"line":19,"column":11}},{"start":{"line":19,"column":15},"end":{"line":19,"column":29}}],"line":19},"13":{"loc":{"start":{"line":21,"column":4},"end":{"line":21,"column":141}},"type":"if","locations":[{"start":{"line":21,"column":4},"end":{"line":21,"column":141}},{"start":{"line":21,"column":4},"end":{"line":21,"column":141}}],"line":21},"14":{"loc":{"start":{"line":21,"column":40},"end":{"line":21,"column":141}},"type":"if","locations":[{"start":{"line":21,"column":40},"end":{"line":21,"column":141}},{"start":{"line":21,"column":40},"end":{"line":21,"column":141}}],"line":21},"15":{"loc":{"start":{"line":21,"column":44},"end":{"line":21,"column":107}},"type":"binary-expr","locations":[{"start":{"line":21,"column":44},"end":{"line":21,"column":59}},{"start":{"line":21,"column":63},"end":{"line":21,"column":107}}],"line":21},"16":{"loc":{"start":{"line":25,"column":22},"end":{"line":27,"column":1}},"type":"binary-expr","locations":[{"start":{"line":25,"column":23},"end":{"line":25,"column":27}},{"start":{"line":25,"column":31},"end":{"line":25,"column":51}},{"start":{"line":25,"column":56},"end":{"line":27,"column":1}}],"line":25},"17":{"loc":{"start":{"line":26,"column":11},"end":{"line":26,"column":61}},"type":"cond-expr","locations":[{"start":{"line":26,"column":37},"end":{"line":26,"column":40}},{"start":{"line":26,"column":43},"end":{"line":26,"column":61}}],"line":26},"18":{"loc":{"start":{"line":26,"column":12},"end":{"line":26,"column":33}},"type":"binary-expr","locations":[{"start":{"line":26,"column":12},"end":{"line":26,"column":15}},{"start":{"line":26,"column":19},"end":{"line":26,"column":33}}],"line":26}},"s":{"0":0,"1":0,"2":0,"3":0,"4":0,"5":0,"6":0,"7":0,"8":0,"9":0,"10":0,"11":0,"12":0,"13":0,"14":0,"15":0,"16":0,"17":0,"18":0,"19":0,"20":0,"21":0,"22":0,"23":0,"24":0,"25":0,"26":0,"27":0,"28":0,"29":0,"30":0,"31":0,"32":0,"33":0,"34":0,"35":0,"36":0,"37":0,"38":0},"f":{"0":0,"1":0,"2":0,"3":0,"4":0,"5":0,"6":0,"7":0},"b":{"0":[0,0,0],"1":[0,0],"2":[0,0],"3":[0,0],"4":[0,0],"5":[0,0],"6":[0,0],"7":[0,0],"8":[0,0,0],"9":[0,0],"10":[0,0,0],"11":[0,0],"12":[0,0],"13":[0,0],"14":[0,0],"15":[0,0],"16":[0,0,0],"17":[0,0],"18":[0,0]},"inputSourceMap":{"version":3,"file":"/home/rick/Dokumente/Privat/golden-key/src/client/app/App.tsx","sources":["/home/rick/Dokumente/Privat/golden-key/src/client/app/App.tsx"],"names":[],"mappings":";;;;;;;;;;;;;;;;;;;;;;;;;;;;AAAA,qDAI0B;AAC1B,6CAAwC;AACxC,uDAAqD;AACrD,sEAAgD;AAEhD,sBAAoB;AAEpB,iCAMiB;AAEjB,SAAwB,GAAG;IAEjB,IAAA,KAAoB,IAAA,gBAAQ,EAAC,EAAE,IAAI,EAAE,EAAE,EAAE,QAAQ,EAAE,KAAK,EAAE,CAAC,EAAzD,IAAI,QAAA,EAAE,OAAO,QAA4C,CAAC;IAElE,IAAM,KAAK,GAAG,EAAE,IAAI,MAAA,EAAE,OAAO,SAAA,EAAE,CAAC;IAEhC,OAAO,CACH,CAAC,kCAAe,CAAC,QAAQ,CAAC,KAAK,CAAC,CAAE,KAAK,CAAE,CACrC;YAAA,CAAC,gCAAa,CACV;gBAAA,CAAC,gBAAM,CAAA,EAEP;;gBAAA,CAAC,GAAG,CAAC,EAAE,CAAC,QAAQ,CACZ;oBAAA,CAAC,yBAAM,CACH;wBAAA,CAAC,wBAAK,CAAC,IAAI,CAAC,GAAG,CAAC,OAAO,CAAC,CAAE,CAAC,YAAI,CAAC,AAAD,EAAG,CAAE,EACpC;wBAAA,CAAC,wBAAK,CAAC,IAAI,CAAC,QAAQ,CAAC,OAAO,CAAC,CAAE,CAAC,aAAK,CAAC,AAAD,EAAG,CAAE,EAC1C;wBAAA,CAAC,wBAAK,CAAC,IAAI,CAAC,SAAS,CAAC,OAAO,CAAC,CAAE,CAAC,gBAAQ,CAAC,AAAD,EAAG,CAAE,EAC9C;wBAAA,CAAC,wBAAK,CAAC,IAAI,CAAC,YAAY,CAAC,OAAO,CAAE,CAAE,CAAC,iBAAS,CAAC,AAAD,EAAG,CAAE,EACnD;wBAAA,CAAC,wBAAK,CAAC,IAAI,CAAC,GAAG,CAAC,OAAO,CAAC,CAAE,CAAC,gBAAQ,CAAC,AAAD,EAAG,CAAE,EAC5C;oBAAA,EAAE,yBAAM,CACZ;gBAAA,EAAE,GAAG,CACT;YAAA,EAAE,gCAAa,CACnB;QAAA,EAAE,kCAAe,CAAC,QAAQ,CAAC,CAC9B,CAAC;AACN,CAAC;AAvBD,sBAuBC","sourcesContent":["import {\n    BrowserRouter,\n    Routes, \n    Route\n} from 'react-router-dom';\nimport React, { useState } from 'react';\nimport { UserDataContext } from './UserDataProvider';\nimport Header from './components/Header/Header';\n\nimport './App.scss';\n\nimport {\n    NotFound,\n    Home,\n    Login,\n    Register,\n    Dashboard\n} from './pages';\n\nexport default function App()\n{\n    const [ user, setUser ] = useState({ data: {}, loggedIn: false });\n\n    const value = { user, setUser };\n\n    return (\n        <UserDataContext.Provider value={ value }>\n            <BrowserRouter>\n                <Header/>\n\n                <div id=\"layout\">\n                    <Routes>\n                        <Route path=\"/\" element={ <Home /> } />\n                        <Route path=\"/login\" element={ <Login /> } />\n                        <Route path=\"/signup\" element={ <Register /> } />\n                        <Route path=\"/dashboard\" element ={ <Dashboard /> } /> \n                        <Route path=\"*\" element={ <NotFound /> } />\n                    </Routes>\n                </div>\n            </BrowserRouter>\n        </UserDataContext.Provider>\n    );\n}\n"]},"all":true},"/home/rick/Dokumente/Privat/golden-key/src/client/app/components/Header/Header.tsx":{"path":"/home/rick/Dokumente/Privat/golden-key/src/client/app/components/Header/Header.tsx","statementMap":{"0":{"start":{"line":2,"column":22},"end":{"line":12,"column":3}},"1":{"start":{"line":3,"column":4},"end":{"line":3,"column":33}},"2":{"start":{"line":3,"column":26},"end":{"line":3,"column":33}},"3":{"start":{"line":4,"column":15},"end":{"line":4,"column":52}},"4":{"start":{"line":5,"column":4},"end":{"line":7,"column":5}},"5":{"start":{"line":6,"column":6},"end":{"line":6,"column":68}},"6":{"start":{"line":6,"column":51},"end":{"line":6,"column":63}},"7":{"start":{"line":8,"column":4},"end":{"line":8,"column":39}},"8":{"start":{"line":10,"column":4},"end":{"line":10,"column":33}},"9":{"start":{"line":10,"column":26},"end":{"line":10,"column":33}},"10":{"start":{"line":11,"column":4},"end":{"line":11,"column":17}},"11":{"start":{"line":13,"column":25},"end":{"line":17,"column":2}},"12":{"start":{"line":14,"column":4},"end":{"line":14,"column":72}},"13":{"start":{"line":16,"column":4},"end":{"line":16,"column":21}},"14":{"start":{"line":18,"column":19},"end":{"line":24,"column":1}},"15":{"start":{"line":19,"column":4},"end":{"line":19,"column":42}},"16":{"start":{"line":19,"column":31},"end":{"line":19,"column":42}},"17":{"start":{"line":20,"column":17},"end":{"line":20,"column":19}},"18":{"start":{"line":21,"column":4},"end":{"line":21,"column":141}},"19":{"start":{"line":21,"column":21},"end":{"line":21,"column":141}},"20":{"start":{"line":21,"column":40},"end":{"line":21,"column":141}},"21":{"start":{"line":21,"column":109},"end":{"line":21,"column":141}},"22":{"start":{"line":22,"column":4},"end":{"line":22,"column":36}},"23":{"start":{"line":23,"column":4},"end":{"line":23,"column":18}},"24":{"start":{"line":25,"column":16},"end":{"line":33,"column":1}},"25":{"start":{"line":26,"column":28},"end":{"line":26,"column":110}},"26":{"start":{"line":26,"column":91},"end":{"line":26,"column":106}},"27":{"start":{"line":27,"column":4},"end":{"line":32,"column":7}},"28":{"start":{"line":28,"column":36},"end":{"line":28,"column":97}},"29":{"start":{"line":28,"column":42},"end":{"line":28,"column":70}},"30":{"start":{"line":28,"column":85},"end":{"line":28,"column":95}},"31":{"start":{"line":29,"column":35},"end":{"line":29,"column":100}},"32":{"start":{"line":29,"column":41},"end":{"line":29,"column":73}},"33":{"start":{"line":29,"column":88},"end":{"line":29,"column":98}},"34":{"start":{"line":30,"column":32},"end":{"line":30,"column":116}},"35":{"start":{"line":31,"column":8},"end":{"line":31,"column":78}},"36":{"start":{"line":34,"column":18},"end":{"line":60,"column":1}},"37":{"start":{"line":35,"column":12},"end":{"line":35,"column":104}},"38":{"start":{"line":35,"column":43},"end":{"line":35,"column":68}},"39":{"start":{"line":35,"column":57},"end":{"line":35,"column":68}},"40":{"start":{"line":35,"column":69},"end":{"line":35,"column":81}},"41":{"start":{"line":36,"column":4},"end":{"line":36,"column":157}},"42":{"start":{"line":36,"column":138},"end":{"line":36,"column":150}},"43":{"start":{"line":37,"column":23},"end":{"line":37,"column":68}},"44":{"start":{"line":37,"column":45},"end":{"line":37,"column":65}},"45":{"start":{"line":39,"column":8},"end":{"line":39,"column":70}},"46":{"start":{"line":39,"column":15},"end":{"line":39,"column":70}},"47":{"start":{"line":40,"column":8},"end":{"line":57,"column":66}},"48":{"start":{"line":40,"column":18},"end":{"line":57,"column":66}},"49":{"start":{"line":41,"column":12},"end":{"line":41,"column":169}},"50":{"start":{"line":41,"column":160},"end":{"line":41,"column":169}},"51":{"start":{"line":42,"column":12},"end":{"line":42,"column":52}},"52":{"start":{"line":42,"column":26},"end":{"line":42,"column":52}},"53":{"start":{"line":43,"column":12},"end":{"line":55,"column":13}},"54":{"start":{"line":44,"column":32},"end":{"line":44,"column":39}},"55":{"start":{"line":44,"column":40},"end":{"line":44,"column":46}},"56":{"start":{"line":45,"column":24},"end":{"line":45,"column":34}},"57":{"start":{"line":45,"column":35},"end":{"line":45,"column":72}},"58":{"start":{"line":46,"column":24},"end":{"line":46,"column":34}},"59":{"start":{"line":46,"column":35},"end":{"line":46,"column":45}},"60":{"start":{"line":46,"column":46},"end":{"line":46,"column":55}},"61":{"start":{"line":46,"column":56},"end":{"line":46,"column":65}},"62":{"start":{"line":47,"column":24},"end":{"line":47,"column":41}},"63":{"start":{"line":47,"column":42},"end":{"line":47,"column":55}},"64":{"start":{"line":47,"column":56},"end":{"line":47,"column":65}},"65":{"start":{"line":49,"column":20},"end":{"line":49,"column":128}},"66":{"start":{"line":49,"column":110},"end":{"line":49,"column":116}},"67":{"start":{"line":49,"column":117},"end":{"line":49,"column":126}},"68":{"start":{"line":50,"column":20},"end":{"line":50,"column":106}},"69":{"start":{"line":50,"column":81},"end":{"line":50,"column":97}},"70":{"start":{"line":50,"column":98},"end":{"line":50,"column":104}},"71":{"start":{"line":51,"column":20},"end":{"line":51,"column":89}},"72":{"start":{"line":51,"column":57},"end":{"line":51,"column":72}},"73":{"start":{"line":51,"column":73},"end":{"line":51,"column":80}},"74":{"start":{"line":51,"column":81},"end":{"line":51,"column":87}},"75":{"start":{"line":52,"column":20},"end":{"line":52,"column":87}},"76":{"start":{"line":52,"column":47},"end":{"line":52,"column":62}},"77":{"start":{"line":52,"column":63},"end":{"line":52,"column":78}},"78":{"start":{"line":52,"column":79},"end":{"line":52,"column":85}},"79":{"start":{"line":53,"column":20},"end":{"line":53,"column":42}},"80":{"start":{"line":53,"column":30},"end":{"line":53,"column":42}},"81":{"start":{"line":54,"column":20},"end":{"line":54,"column":33}},"82":{"start":{"line":54,"column":34},"end":{"line":54,"column":43}},"83":{"start":{"line":56,"column":12},"end":{"line":56,"column":39}},"84":{"start":{"line":57,"column":22},"end":{"line":57,"column":34}},"85":{"start":{"line":57,"column":35},"end":{"line":57,"column":41}},"86":{"start":{"line":57,"column":54},"end":{"line":57,"column":64}},"87":{"start":{"line":58,"column":8},"end":{"line":58,"column":35}},"88":{"start":{"line":58,"column":23},"end":{"line":58,"column":35}},"89":{"start":{"line":58,"column":36},"end":{"line":58,"column":89}},"90":{"start":{"line":61,"column":22},"end":{"line":63,"column":1}},"91":{"start":{"line":62,"column":4},"end":{"line":62,"column":62}},"92":{"start":{"line":64,"column":0},"end":{"line":64,"column":62}},"93":{"start":{"line":65,"column":14},"end":{"line":65,"column":44}},"94":{"start":{"line":66,"column":25},"end":{"line":66,"column":52}},"95":{"start":{"line":67,"column":25},"end":{"line":67,"column":52}},"96":{"start":{"line":68,"column":18},"end":{"line":68,"column":55}},"97":{"start":{"line":69,"column":25},"end":{"line":69,"column":58}},"98":{"start":{"line":70,"column":0},"end":{"line":70,"column":25}},"99":{"start":{"line":72,"column":16},"end":{"line":72,"column":20}},"100":{"start":{"line":73,"column":13},"end":{"line":73,"column":72}},"101":{"start":{"line":73,"column":81},"end":{"line":73,"column":88}},"102":{"start":{"line":73,"column":100},"end":{"line":73,"column":110}},"103":{"start":{"line":74,"column":19},"end":{"line":74,"column":56}},"104":{"start":{"line":75,"column":23},"end":{"line":92,"column":9}},"105":{"start":{"line":75,"column":38},"end":{"line":92,"column":7}},"106":{"start":{"line":76,"column":8},"end":{"line":91,"column":11}},"107":{"start":{"line":77,"column":12},"end":{"line":90,"column":13}},"108":{"start":{"line":79,"column":20},"end":{"line":79,"column":39}},"109":{"start":{"line":80,"column":20},"end":{"line":80,"column":81}},"110":{"start":{"line":82,"column":20},"end":{"line":82,"column":30}},"111":{"start":{"line":83,"column":20},"end":{"line":83,"column":85}},"112":{"start":{"line":85,"column":20},"end":{"line":85,"column":30}},"113":{"start":{"line":86,"column":20},"end":{"line":86,"column":56}},"114":{"start":{"line":88,"column":20},"end":{"line":88,"column":30}},"115":{"start":{"line":89,"column":20},"end":{"line":89,"column":42}},"116":{"start":{"line":93,"column":4},"end":{"line":115,"column":15}},"117":{"start":{"line":109,"column":84},"end":{"line":109,"column":107}},"118":{"start":{"line":117,"column":0},"end":{"line":117,"column":25}}},"fnMap":{"0":{"name":"(anonymous_0)","decl":{"start":{"line":2,"column":74},"end":{"line":2,"column":75}},"loc":{"start":{"line":2,"column":96},"end":{"line":9,"column":1}},"line":2},"1":{"name":"(anonymous_1)","decl":{"start":{"line":6,"column":38},"end":{"line":6,"column":39}},"loc":{"start":{"line":6,"column":49},"end":{"line":6,"column":65}},"line":6},"2":{"name":"(anonymous_2)","decl":{"start":{"line":9,"column":6},"end":{"line":9,"column":7}},"loc":{"start":{"line":9,"column":28},"end":{"line":12,"column":1}},"line":9},"3":{"name":"(anonymous_3)","decl":{"start":{"line":13,"column":80},"end":{"line":13,"column":81}},"loc":{"start":{"line":13,"column":95},"end":{"line":15,"column":1}},"line":13},"4":{"name":"(anonymous_4)","decl":{"start":{"line":15,"column":5},"end":{"line":15,"column":6}},"loc":{"start":{"line":15,"column":20},"end":{"line":17,"column":1}},"line":15},"5":{"name":"(anonymous_5)","decl":{"start":{"line":18,"column":50},"end":{"line":18,"column":51}},"loc":{"start":{"line":18,"column":65},"end":{"line":24,"column":1}},"line":18},"6":{"name":"(anonymous_6)","decl":{"start":{"line":25,"column":44},"end":{"line":25,"column":45}},"loc":{"start":{"line":25,"column":89},"end":{"line":33,"column":1}},"line":25},"7":{"name":"adopt","decl":{"start":{"line":26,"column":13},"end":{"line":26,"column":18}},"loc":{"start":{"line":26,"column":26},"end":{"line":26,"column":112}},"line":26},"8":{"name":"(anonymous_8)","decl":{"start":{"line":26,"column":70},"end":{"line":26,"column":71}},"loc":{"start":{"line":26,"column":89},"end":{"line":26,"column":108}},"line":26},"9":{"name":"(anonymous_9)","decl":{"start":{"line":27,"column":36},"end":{"line":27,"column":37}},"loc":{"start":{"line":27,"column":63},"end":{"line":32,"column":5}},"line":27},"10":{"name":"fulfilled","decl":{"start":{"line":28,"column":17},"end":{"line":28,"column":26}},"loc":{"start":{"line":28,"column":34},"end":{"line":28,"column":99}},"line":28},"11":{"name":"rejected","decl":{"start":{"line":29,"column":17},"end":{"line":29,"column":25}},"loc":{"start":{"line":29,"column":33},"end":{"line":29,"column":102}},"line":29},"12":{"name":"step","decl":{"start":{"line":30,"column":17},"end":{"line":30,"column":21}},"loc":{"start":{"line":30,"column":30},"end":{"line":30,"column":118}},"line":30},"13":{"name":"(anonymous_13)","decl":{"start":{"line":34,"column":48},"end":{"line":34,"column":49}},"loc":{"start":{"line":34,"column":73},"end":{"line":60,"column":1}},"line":34},"14":{"name":"(anonymous_14)","decl":{"start":{"line":35,"column":30},"end":{"line":35,"column":31}},"loc":{"start":{"line":35,"column":41},"end":{"line":35,"column":83}},"line":35},"15":{"name":"(anonymous_15)","decl":{"start":{"line":36,"column":125},"end":{"line":36,"column":126}},"loc":{"start":{"line":36,"column":136},"end":{"line":36,"column":152}},"line":36},"16":{"name":"verb","decl":{"start":{"line":37,"column":13},"end":{"line":37,"column":17}},"loc":{"start":{"line":37,"column":21},"end":{"line":37,"column":70}},"line":37},"17":{"name":"(anonymous_17)","decl":{"start":{"line":37,"column":30},"end":{"line":37,"column":31}},"loc":{"start":{"line":37,"column":43},"end":{"line":37,"column":67}},"line":37},"18":{"name":"step","decl":{"start":{"line":38,"column":13},"end":{"line":38,"column":17}},"loc":{"start":{"line":38,"column":22},"end":{"line":59,"column":5}},"line":38},"19":{"name":"(anonymous_19)","decl":{"start":{"line":61,"column":56},"end":{"line":61,"column":57}},"loc":{"start":{"line":61,"column":71},"end":{"line":63,"column":1}},"line":61},"20":{"name":"Header","decl":{"start":{"line":71,"column":9},"end":{"line":71,"column":15}},"loc":{"start":{"line":71,"column":18},"end":{"line":116,"column":1}},"line":71},"21":{"name":"(anonymous_21)","decl":{"start":{"line":75,"column":23},"end":{"line":75,"column":24}},"loc":{"start":{"line":75,"column":36},"end":{"line":92,"column":9}},"line":75},"22":{"name":"(anonymous_22)","decl":{"start":{"line":75,"column":78},"end":{"line":75,"column":79}},"loc":{"start":{"line":75,"column":90},"end":{"line":92,"column":5}},"line":75},"23":{"name":"(anonymous_23)","decl":{"start":{"line":76,"column":33},"end":{"line":76,"column":34}},"loc":{"start":{"line":76,"column":47},"end":{"line":91,"column":9}},"line":76},"24":{"name":"(anonymous_24)","decl":{"start":{"line":109,"column":69},"end":{"line":109,"column":70}},"loc":{"start":{"line":109,"column":82},"end":{"line":109,"column":109}},"line":109}},"branchMap":{"0":{"loc":{"start":{"line":2,"column":22},"end":{"line":12,"column":3}},"type":"binary-expr","locations":[{"start":{"line":2,"column":23},"end":{"line":2,"column":27}},{"start":{"line":2,"column":31},"end":{"line":2,"column":51}},{"start":{"line":2,"column":57},"end":{"line":12,"column":2}}],"line":2},"1":{"loc":{"start":{"line":2,"column":57},"end":{"line":12,"column":2}},"type":"cond-expr","locations":[{"start":{"line":2,"column":74},"end":{"line":9,"column":1}},{"start":{"line":9,"column":6},"end":{"line":12,"column":1}}],"line":2},"2":{"loc":{"start":{"line":3,"column":4},"end":{"line":3,"column":33}},"type":"if","locations":[{"start":{"line":3,"column":4},"end":{"line":3,"column":33}},{"start":{"line":3,"column":4},"end":{"line":3,"column":33}}],"line":3},"3":{"loc":{"start":{"line":5,"column":4},"end":{"line":7,"column":5}},"type":"if","locations":[{"start":{"line":5,"column":4},"end":{"line":7,"column":5}},{"start":{"line":5,"column":4},"end":{"line":7,"column":5}}],"line":5},"4":{"loc":{"start":{"line":5,"column":8},"end":{"line":5,"column":85}},"type":"binary-expr","locations":[{"start":{"line":5,"column":8},"end":{"line":5,"column":13}},{"start":{"line":5,"column":18},"end":{"line":5,"column":84}}],"line":5},"5":{"loc":{"start":{"line":5,"column":18},"end":{"line":5,"column":84}},"type":"cond-expr","locations":[{"start":{"line":5,"column":34},"end":{"line":5,"column":47}},{"start":{"line":5,"column":50},"end":{"line":5,"column":84}}],"line":5},"6":{"loc":{"start":{"line":5,"column":50},"end":{"line":5,"column":84}},"type":"binary-expr","locations":[{"start":{"line":5,"column":50},"end":{"line":5,"column":63}},{"start":{"line":5,"column":67},"end":{"line":5,"column":84}}],"line":5},"7":{"loc":{"start":{"line":10,"column":4},"end":{"line":10,"column":33}},"type":"if","locations":[{"start":{"line":10,"column":4},"end":{"line":10,"column":33}},{"start":{"line":10,"column":4},"end":{"line":10,"column":33}}],"line":10},"8":{"loc":{"start":{"line":13,"column":25},"end":{"line":17,"column":2}},"type":"binary-expr","locations":[{"start":{"line":13,"column":26},"end":{"line":13,"column":30}},{"start":{"line":13,"column":34},"end":{"line":13,"column":57}},{"start":{"line":13,"column":63},"end":{"line":17,"column":1}}],"line":13},"9":{"loc":{"start":{"line":13,"column":63},"end":{"line":17,"column":1}},"type":"cond-expr","locations":[{"start":{"line":13,"column":80},"end":{"line":15,"column":1}},{"start":{"line":15,"column":5},"end":{"line":17,"column":1}}],"line":13},"10":{"loc":{"start":{"line":18,"column":19},"end":{"line":24,"column":1}},"type":"binary-expr","locations":[{"start":{"line":18,"column":20},"end":{"line":18,"column":24}},{"start":{"line":18,"column":28},"end":{"line":18,"column":45}},{"start":{"line":18,"column":50},"end":{"line":24,"column":1}}],"line":18},"11":{"loc":{"start":{"line":19,"column":4},"end":{"line":19,"column":42}},"type":"if","locations":[{"start":{"line":19,"column":4},"end":{"line":19,"column":42}},{"start":{"line":19,"column":4},"end":{"line":19,"column":42}}],"line":19},"12":{"loc":{"start":{"line":19,"column":8},"end":{"line":19,"column":29}},"type":"binary-expr","locations":[{"start":{"line":19,"column":8},"end":{"line":19,"column":11}},{"start":{"line":19,"column":15},"end":{"line":19,"column":29}}],"line":19},"13":{"loc":{"start":{"line":21,"column":4},"end":{"line":21,"column":141}},"type":"if","locations":[{"start":{"line":21,"column":4},"end":{"line":21,"column":141}},{"start":{"line":21,"column":4},"end":{"line":21,"column":141}}],"line":21},"14":{"loc":{"start":{"line":21,"column":40},"end":{"line":21,"column":141}},"type":"if","locations":[{"start":{"line":21,"column":40},"end":{"line":21,"column":141}},{"start":{"line":21,"column":40},"end":{"line":21,"column":141}}],"line":21},"15":{"loc":{"start":{"line":21,"column":44},"end":{"line":21,"column":107}},"type":"binary-expr","locations":[{"start":{"line":21,"column":44},"end":{"line":21,"column":59}},{"start":{"line":21,"column":63},"end":{"line":21,"column":107}}],"line":21},"16":{"loc":{"start":{"line":25,"column":16},"end":{"line":33,"column":1}},"type":"binary-expr","locations":[{"start":{"line":25,"column":17},"end":{"line":25,"column":21}},{"start":{"line":25,"column":25},"end":{"line":25,"column":39}},{"start":{"line":25,"column":44},"end":{"line":33,"column":1}}],"line":25},"17":{"loc":{"start":{"line":26,"column":35},"end":{"line":26,"column":109}},"type":"cond-expr","locations":[{"start":{"line":26,"column":56},"end":{"line":26,"column":61}},{"start":{"line":26,"column":64},"end":{"line":26,"column":109}}],"line":26},"18":{"loc":{"start":{"line":27,"column":16},"end":{"line":27,"column":34}},"type":"binary-expr","locations":[{"start":{"line":27,"column":16},"end":{"line":27,"column":17}},{"start":{"line":27,"column":22},"end":{"line":27,"column":33}}],"line":27},"19":{"loc":{"start":{"line":30,"column":32},"end":{"line":30,"column":115}},"type":"cond-expr","locations":[{"start":{"line":30,"column":46},"end":{"line":30,"column":67}},{"start":{"line":30,"column":70},"end":{"line":30,"column":115}}],"line":30},"20":{"loc":{"start":{"line":31,"column":51},"end":{"line":31,"column":67}},"type":"binary-expr","locations":[{"start":{"line":31,"column":51},"end":{"line":31,"column":61}},{"start":{"line":31,"column":65},"end":{"line":31,"column":67}}],"line":31},"21":{"loc":{"start":{"line":34,"column":18},"end":{"line":60,"column":1}},"type":"binary-expr","locations":[{"start":{"line":34,"column":19},"end":{"line":34,"column":23}},{"start":{"line":34,"column":27},"end":{"line":34,"column":43}},{"start":{"line":34,"column":48},"end":{"line":60,"column":1}}],"line":34},"22":{"loc":{"start":{"line":35,"column":43},"end":{"line":35,"column":68}},"type":"if","locations":[{"start":{"line":35,"column":43},"end":{"line":35,"column":68}},{"start":{"line":35,"column":43},"end":{"line":35,"column":68}}],"line":35},"23":{"loc":{"start":{"line":36,"column":71},"end":{"line":36,"column":153}},"type":"binary-expr","locations":[{"start":{"line":36,"column":71},"end":{"line":36,"column":99}},{"start":{"line":36,"column":104},"end":{"line":36,"column":152}}],"line":36},"24":{"loc":{"start":{"line":39,"column":8},"end":{"line":39,"column":70}},"type":"if","locations":[{"start":{"line":39,"column":8},"end":{"line":39,"column":70}},{"start":{"line":39,"column":8},"end":{"line":39,"column":70}}],"line":39},"25":{"loc":{"start":{"line":41,"column":12},"end":{"line":41,"column":169}},"type":"if","locations":[{"start":{"line":41,"column":12},"end":{"line":41,"column":169}},{"start":{"line":41,"column":12},"end":{"line":41,"column":169}}],"line":41},"26":{"loc":{"start":{"line":41,"column":23},"end":{"line":41,"column":158}},"type":"binary-expr","locations":[{"start":{"line":41,"column":23},"end":{"line":41,"column":24}},{"start":{"line":41,"column":29},"end":{"line":41,"column":125}},{"start":{"line":41,"column":130},"end":{"line":41,"column":158}}],"line":41},"27":{"loc":{"start":{"line":41,"column":33},"end":{"line":41,"column":125}},"type":"cond-expr","locations":[{"start":{"line":41,"column":45},"end":{"line":41,"column":56}},{"start":{"line":41,"column":59},"end":{"line":41,"column":125}}],"line":41},"28":{"loc":{"start":{"line":41,"column":59},"end":{"line":41,"column":125}},"type":"cond-expr","locations":[{"start":{"line":41,"column":67},"end":{"line":41,"column":116}},{"start":{"line":41,"column":119},"end":{"line":41,"column":125}}],"line":41},"29":{"loc":{"start":{"line":41,"column":67},"end":{"line":41,"column":116}},"type":"binary-expr","locations":[{"start":{"line":41,"column":67},"end":{"line":41,"column":77}},{"start":{"line":41,"column":82},"end":{"line":41,"column":115}}],"line":41},"30":{"loc":{"start":{"line":41,"column":82},"end":{"line":41,"column":112}},"type":"binary-expr","locations":[{"start":{"line":41,"column":83},"end":{"line":41,"column":98}},{"start":{"line":41,"column":103},"end":{"line":41,"column":112}}],"line":41},"31":{"loc":{"start":{"line":42,"column":12},"end":{"line":42,"column":52}},"type":"if","locations":[{"start":{"line":42,"column":12},"end":{"line":42,"column":52}},{"start":{"line":42,"column":12},"end":{"line":42,"column":52}}],"line":42},"32":{"loc":{"start":{"line":43,"column":12},"end":{"line":55,"column":13}},"type":"switch","locations":[{"start":{"line":44,"column":16},"end":{"line":44,"column":23}},{"start":{"line":44,"column":24},"end":{"line":44,"column":46}},{"start":{"line":45,"column":16},"end":{"line":45,"column":72}},{"start":{"line":46,"column":16},"end":{"line":46,"column":65}},{"start":{"line":47,"column":16},"end":{"line":47,"column":65}},{"start":{"line":48,"column":16},"end":{"line":54,"column":43}}],"line":43},"33":{"loc":{"start":{"line":49,"column":20},"end":{"line":49,"column":128}},"type":"if","locations":[{"start":{"line":49,"column":20},"end":{"line":49,"column":128}},{"start":{"line":49,"column":20},"end":{"line":49,"column":128}}],"line":49},"34":{"loc":{"start":{"line":49,"column":24},"end":{"line":49,"column":106}},"type":"binary-expr","locations":[{"start":{"line":49,"column":24},"end":{"line":49,"column":74}},{"start":{"line":49,"column":79},"end":{"line":49,"column":90}},{"start":{"line":49,"column":94},"end":{"line":49,"column":105}}],"line":49},"35":{"loc":{"start":{"line":49,"column":42},"end":{"line":49,"column":73}},"type":"binary-expr","locations":[{"start":{"line":49,"column":42},"end":{"line":49,"column":54}},{"start":{"line":49,"column":58},"end":{"line":49,"column":73}}],"line":49},"36":{"loc":{"start":{"line":50,"column":20},"end":{"line":50,"column":106}},"type":"if","locations":[{"start":{"line":50,"column":20},"end":{"line":50,"column":106}},{"start":{"line":50,"column":20},"end":{"line":50,"column":106}}],"line":50},"37":{"loc":{"start":{"line":50,"column":24},"end":{"line":50,"column":77}},"type":"binary-expr","locations":[{"start":{"line":50,"column":24},"end":{"line":50,"column":35}},{"start":{"line":50,"column":40},"end":{"line":50,"column":42}},{"start":{"line":50,"column":47},"end":{"line":50,"column":59}},{"start":{"line":50,"column":63},"end":{"line":50,"column":75}}],"line":50},"38":{"loc":{"start":{"line":51,"column":20},"end":{"line":51,"column":89}},"type":"if","locations":[{"start":{"line":51,"column":20},"end":{"line":51,"column":89}},{"start":{"line":51,"column":20},"end":{"line":51,"column":89}}],"line":51},"39":{"loc":{"start":{"line":51,"column":24},"end":{"line":51,"column":53}},"type":"binary-expr","locations":[{"start":{"line":51,"column":24},"end":{"line":51,"column":35}},{"start":{"line":51,"column":39},"end":{"line":51,"column":53}}],"line":51},"40":{"loc":{"start":{"line":52,"column":20},"end":{"line":52,"column":87}},"type":"if","locations":[{"start":{"line":52,"column":20},"end":{"line":52,"column":87}},{"start":{"line":52,"column":20},"end":{"line":52,"column":87}}],"line":52},"41":{"loc":{"start":{"line":52,"column":24},"end":{"line":52,"column":43}},"type":"binary-expr","locations":[{"start":{"line":52,"column":24},"end":{"line":52,"column":25}},{"start":{"line":52,"column":29},"end":{"line":52,"column":43}}],"line":52},"42":{"loc":{"start":{"line":53,"column":20},"end":{"line":53,"column":42}},"type":"if","locations":[{"start":{"line":53,"column":20},"end":{"line":53,"column":42}},{"start":{"line":53,"column":20},"end":{"line":53,"column":42}}],"line":53},"43":{"loc":{"start":{"line":58,"column":8},"end":{"line":58,"column":35}},"type":"if","locations":[{"start":{"line":58,"column":8},"end":{"line":58,"column":35}},{"start":{"line":58,"column":8},"end":{"line":58,"column":35}}],"line":58},"44":{"loc":{"start":{"line":58,"column":52},"end":{"line":58,"column":74}},"type":"cond-expr","locations":[{"start":{"line":58,"column":60},"end":{"line":58,"column":65}},{"start":{"line":58,"column":68},"end":{"line":58,"column":74}}],"line":58},"45":{"loc":{"start":{"line":61,"column":22},"end":{"line":63,"column":1}},"type":"binary-expr","locations":[{"start":{"line":61,"column":23},"end":{"line":61,"column":27}},{"start":{"line":61,"column":31},"end":{"line":61,"column":51}},{"start":{"line":61,"column":56},"end":{"line":63,"column":1}}],"line":61},"46":{"loc":{"start":{"line":62,"column":11},"end":{"line":62,"column":61}},"type":"cond-expr","locations":[{"start":{"line":62,"column":37},"end":{"line":62,"column":40}},{"start":{"line":62,"column":43},"end":{"line":62,"column":61}}],"line":62},"47":{"loc":{"start":{"line":62,"column":12},"end":{"line":62,"column":33}},"type":"binary-expr","locations":[{"start":{"line":62,"column":12},"end":{"line":62,"column":15}},{"start":{"line":62,"column":19},"end":{"line":62,"column":33}}],"line":62},"48":{"loc":{"start":{"line":77,"column":12},"end":{"line":90,"column":13}},"type":"switch","locations":[{"start":{"line":78,"column":16},"end":{"line":80,"column":81}},{"start":{"line":81,"column":16},"end":{"line":83,"column":85}},{"start":{"line":84,"column":16},"end":{"line":86,"column":56}},{"start":{"line":87,"column":16},"end":{"line":89,"column":42}}],"line":77},"49":{"loc":{"start":{"line":97,"column":13},"end":{"line":105,"column":19}},"type":"binary-expr","locations":[{"start":{"line":97,"column":13},"end":{"line":97,"column":27}},{"start":{"line":98,"column":12},"end":{"line":105,"column":19}}],"line":97},"50":{"loc":{"start":{"line":106,"column":13},"end":{"line":114,"column":19}},"type":"binary-expr","locations":[{"start":{"line":106,"column":13},"end":{"line":106,"column":26}},{"start":{"line":107,"column":12},"end":{"line":114,"column":19}}],"line":106}},"s":{"0":0,"1":0,"2":0,"3":0,"4":0,"5":0,"6":0,"7":0,"8":0,"9":0,"10":0,"11":0,"12":0,"13":0,"14":0,"15":0,"16":0,"17":0,"18":0,"19":0,"20":0,"21":0,"22":0,"23":0,"24":0,"25":0,"26":0,"27":0,"28":0,"29":0,"30":0,"31":0,"32":0,"33":0,"34":0,"35":0,"36":0,"37":0,"38":0,"39":0,"40":0,"41":0,"42":0,"43":0,"44":0,"45":0,"46":0,"47":0,"48":0,"49":0,"50":0,"51":0,"52":0,"53":0,"54":0,"55":0,"56":0,"57":0,"58":0,"59":0,"60":0,"61":0,"62":0,"63":0,"64":0,"65":0,"66":0,"67":0,"68":0,"69":0,"70":0,"71":0,"72":0,"73":0,"74":0,"75":0,"76":0,"77":0,"78":0,"79":0,"80":0,"81":0,"82":0,"83":0,"84":0,"85":0,"86":0,"87":0,"88":0,"89":0,"90":0,"91":0,"92":0,"93":0,"94":0,"95":0,"96":0,"97":0,"98":0,"99":0,"100":0,"101":0,"102":0,"103":0,"104":0,"105":0,"106":0,"107":0,"108":0,"109":0,"110":0,"111":0,"112":0,"113":0,"114":0,"115":0,"116":0,"117":0,"118":0},"f":{"0":0,"1":0,"2":0,"3":0,"4":0,"5":0,"6":0,"7":0,"8":0,"9":0,"10":0,"11":0,"12":0,"13":0,"14":0,"15":0,"16":0,"17":0,"18":0,"19":0,"20":0,"21":0,"22":0,"23":0,"24":0},"b":{"0":[0,0,0],"1":[0,0],"2":[0,0],"3":[0,0],"4":[0,0],"5":[0,0],"6":[0,0],"7":[0,0],"8":[0,0,0],"9":[0,0],"10":[0,0,0],"11":[0,0],"12":[0,0],"13":[0,0],"14":[0,0],"15":[0,0],"16":[0,0,0],"17":[0,0],"18":[0,0],"19":[0,0],"20":[0,0],"21":[0,0,0],"22":[0,0],"23":[0,0],"24":[0,0],"25":[0,0],"26":[0,0,0],"27":[0,0],"28":[0,0],"29":[0,0],"30":[0,0],"31":[0,0],"32":[0,0,0,0,0,0],"33":[0,0],"34":[0,0,0],"35":[0,0],"36":[0,0],"37":[0,0,0,0],"38":[0,0],"39":[0,0],"40":[0,0],"41":[0,0],"42":[0,0],"43":[0,0],"44":[0,0],"45":[0,0,0],"46":[0,0],"47":[0,0],"48":[0,0,0,0],"49":[0,0],"50":[0,0]},"inputSourceMap":{"version":3,"file":"/home/rick/Dokumente/Privat/golden-key/src/client/app/components/Header/Header.tsx","sources":["/home/rick/Dokumente/Privat/golden-key/src/client/app/components/Header/Header.tsx"],"names":[],"mappings":";;;;;;;;;;;;;;;;;;;;;;;;;;;;;;;;;;;;;;;;;;;;;;;;;;;;;;;;;;;;;;;;AAAA,6CAA0C;AAC1C,qDAA+C;AAC/C,qDAA2C;AAC3C,wDAAgC;AAEhC,2DAAyD;AAEzD,yBAAuB;AAEvB,SAAwB,MAAM;IAA9B,iBA4CC;IA1CS,IAAA,KAAoB,IAAA,kBAAU,EAAC,kCAAe,CAAC,EAA7C,IAAI,UAAA,EAAE,OAAO,aAAgC,CAAC;IAEtD,IAAM,QAAQ,GAAG,IAAA,8BAAW,GAAE,CAAC;IAE/B,IAAM,YAAY,GAAG,UAAO,CAAC;;;;oBAEzB,CAAC,CAAC,cAAc,EAAE,CAAC;oBAEnB,qBAAM,OAAO,CAAC,EAAE,IAAI,EAAE,EAAG,EAAE,QAAQ,EAAE,KAAK,EAAE,CAAC,EAAA;;oBAA7C,SAA6C,CAAC;oBAC9C,qBAAM,mBAAO,CAAC,MAAM,CAAC,cAAc,CAAC,EAAA;;oBAApC,SAAoC,CAAC;oBACrC,qBAAM,QAAQ,CAAC,GAAG,CAAC,EAAA;;oBAAnB,SAAmB,CAAC;;;;SACvB,CAAC;IAEF,OAAO,CACH,CAAC,EAAE,CAAC,EAAE,CAAC,QAAQ,CACX;YAAA,CAAC,EAAE,CACC;gBAAA,CAAC,0BAAO,CAAC,EAAE,CAAC,GAAG,CAAC,IAAI,EAAE,0BAAO,CACjC;YAAA,EAAE,EAAE,CACJ;YAAA,CACI,CAAC,IAAI,CAAC,QAAQ;YACd,EACI;oBAAA,CAAC,EAAE,CACC;wBAAA,CAAC,0BAAO,CAAC,EAAE,CAAC,QAAQ,CAAC,KAAK,EAAE,0BAAO,CACvC;oBAAA,EAAE,EAAE,CACJ;oBAAA,CAAC,EAAE,CACC;wBAAA,CAAC,0BAAO,CAAC,EAAE,CAAC,SAAS,CAAC,QAAQ,EAAE,0BAAO,CAC3C;oBAAA,EAAE,EAAE,CACR;gBAAA,GAAG,CAEP;YAAA,CACI,IAAI,CAAC,QAAQ;YACb,EACI;oBAAA,CAAC,EAAE,CAAC,SAAS,CAAC,OAAO,CACjB;wBAAA,CAAC,CAAC,CAAC,EAAE,CAAC,cAAc,CAAC,IAAI,CAAC,SAAS,CAAC,OAAO,CAAC,CAAE,UAAC,CAAC,IAAK,OAAA,YAAY,CAAC,CAAC,CAAC,EAAf,CAAe,CAAE,CAAC,MAAM,EAAE,CAAC,CACpF;oBAAA,EAAE,EAAE,CACJ;oBAAA,CAAC,EAAE,CAAC,SAAS,CAAC,OAAO,CACjB;wBAAA,CAAC,0BAAO,CAAC,EAAE,CAAC,YAAY,CAAC,CAAE,IAAI,CAAC,QAAQ,CAAE,EAAE,0BAAO,CACvD;oBAAA,EAAE,EAAE,CACR;gBAAA,GAAG,CAEX;QAAA,EAAE,EAAE,CAAC,CACR,CAAC;AACN,CAAC;AA5CD,yBA4CC","sourcesContent":["import React, { useContext } from 'react';\nimport { useNavigate } from 'react-router-dom';\nimport { NavLink } from 'react-router-dom';\nimport Cookies from 'js-cookie';\n\nimport { UserDataContext } from '../../UserDataProvider';\n\nimport './Header.scss';\n\nexport default function Header()\n{\n    const { user, setUser } = useContext(UserDataContext);\n    \n    const navigate = useNavigate();\n\n    const handleLogout = async (e) =>\n    {\n        e.preventDefault();\n\n        await setUser({ data: { }, loggedIn: false });\n        await Cookies.remove('access_token');\n        await navigate('/');\n    };\n\n    return (\n        <ul id=\"Header\">\n            <li>\n                <NavLink to=\"/\">Home</NavLink>\n            </li>\n            {\n                !user.loggedIn &&\n                <>\n                    <li>\n                        <NavLink to=\"/login\">Login</NavLink>\n                    </li>\n                    <li>\n                        <NavLink to=\"/signup\">Register</NavLink>\n                    </li>   \n                </>\n            }\n            {\n                user.loggedIn &&\n                <>\n                    <li className=\"right\">\n                        <a id=\"logoutButton\" href=\"/logout\" onClick={ (e) => handleLogout(e) }>Logout</a>\n                    </li>\n                    <li className=\"right\">\n                        <NavLink to=\"/dashboard\">{ user.username }</NavLink>\n                    </li>\n                </>\n            }\n        </ul>\n    );\n}\n"]},"all":true},"/home/rick/Dokumente/Privat/golden-key/src/client/app/components/index.ts":{"path":"/home/rick/Dokumente/Privat/golden-key/src/client/app/components/index.ts","statementMap":{"0":{"start":{"line":2,"column":22},"end":{"line":4,"column":1}},"1":{"start":{"line":3,"column":4},"end":{"line":3,"column":62}},"2":{"start":{"line":5,"column":0},"end":{"line":5,"column":62}},"3":{"start":{"line":6,"column":0},"end":{"line":6,"column":47}},"4":{"start":{"line":7,"column":15},"end":{"line":7,"column":58}},"5":{"start":{"line":8,"column":0},"end":{"line":8,"column":34}},"6":{"start":{"line":9,"column":21},"end":{"line":9,"column":76}},"7":{"start":{"line":10,"column":0},"end":{"line":10,"column":46}}},"fnMap":{"0":{"name":"(anonymous_0)","decl":{"start":{"line":2,"column":56},"end":{"line":2,"column":57}},"loc":{"start":{"line":2,"column":71},"end":{"line":4,"column":1}},"line":2}},"branchMap":{"0":{"loc":{"start":{"line":2,"column":22},"end":{"line":4,"column":1}},"type":"binary-expr","locations":[{"start":{"line":2,"column":23},"end":{"line":2,"column":27}},{"start":{"line":2,"column":31},"end":{"line":2,"column":51}},{"start":{"line":2,"column":56},"end":{"line":4,"column":1}}],"line":2},"1":{"loc":{"start":{"line":3,"column":11},"end":{"line":3,"column":61}},"type":"cond-expr","locations":[{"start":{"line":3,"column":37},"end":{"line":3,"column":40}},{"start":{"line":3,"column":43},"end":{"line":3,"column":61}}],"line":3},"2":{"loc":{"start":{"line":3,"column":12},"end":{"line":3,"column":33}},"type":"binary-expr","locations":[{"start":{"line":3,"column":12},"end":{"line":3,"column":15}},{"start":{"line":3,"column":19},"end":{"line":3,"column":33}}],"line":3}},"s":{"0":0,"1":0,"2":0,"3":0,"4":0,"5":0,"6":0,"7":0},"f":{"0":0},"b":{"0":[0,0,0],"1":[0,0],"2":[0,0]},"inputSourceMap":{"version":3,"file":"/home/rick/Dokumente/Privat/golden-key/src/client/app/components/index.ts","sources":["/home/rick/Dokumente/Privat/golden-key/src/client/app/components/index.ts"],"names":[],"mappings":";;;;;;AAAA,2DAAqC;AAG5B,iBAHF,gBAAM,CAGE;AAFf,6EAAuD;AAEtC,uBAFV,sBAAY,CAEU","sourcesContent":["import Header from './Header/Header';\nimport Notification from './Notification/Notification';\n\nexport { Header, Notification };\n"]},"all":true},"/home/rick/Dokumente/Privat/golden-key/src/client/app/components/Notification/Notification.tsx":{"path":"/home/rick/Dokumente/Privat/golden-key/src/client/app/components/Notification/Notification.tsx","statementMap":{"0":{"start":{"line":2,"column":22},"end":{"line":12,"column":3}},"1":{"start":{"line":3,"column":4},"end":{"line":3,"column":33}},"2":{"start":{"line":3,"column":26},"end":{"line":3,"column":33}},"3":{"start":{"line":4,"column":15},"end":{"line":4,"column":52}},"4":{"start":{"line":5,"column":4},"end":{"line":7,"column":5}},"5":{"start":{"line":6,"column":6},"end":{"line":6,"column":68}},"6":{"start":{"line":6,"column":51},"end":{"line":6,"column":63}},"7":{"start":{"line":8,"column":4},"end":{"line":8,"column":39}},"8":{"start":{"line":10,"column":4},"end":{"line":10,"column":33}},"9":{"start":{"line":10,"column":26},"end":{"line":10,"column":33}},"10":{"start":{"line":11,"column":4},"end":{"line":11,"column":17}},"11":{"start":{"line":13,"column":25},"end":{"line":17,"column":2}},"12":{"start":{"line":14,"column":4},"end":{"line":14,"column":72}},"13":{"start":{"line":16,"column":4},"end":{"line":16,"column":21}},"14":{"start":{"line":18,"column":19},"end":{"line":24,"column":1}},"15":{"start":{"line":19,"column":4},"end":{"line":19,"column":42}},"16":{"start":{"line":19,"column":31},"end":{"line":19,"column":42}},"17":{"start":{"line":20,"column":17},"end":{"line":20,"column":19}},"18":{"start":{"line":21,"column":4},"end":{"line":21,"column":141}},"19":{"start":{"line":21,"column":21},"end":{"line":21,"column":141}},"20":{"start":{"line":21,"column":40},"end":{"line":21,"column":141}},"21":{"start":{"line":21,"column":109},"end":{"line":21,"column":141}},"22":{"start":{"line":22,"column":4},"end":{"line":22,"column":36}},"23":{"start":{"line":23,"column":4},"end":{"line":23,"column":18}},"24":{"start":{"line":25,"column":14},"end":{"line":25,"column":44}},"25":{"start":{"line":26,"column":0},"end":{"line":26,"column":31}},"26":{"start":{"line":27,"column":0},"end":{"line":51,"column":2}},"27":{"start":{"line":28,"column":13},"end":{"line":28,"column":41}},"28":{"start":{"line":28,"column":54},"end":{"line":28,"column":59}},"29":{"start":{"line":28,"column":75},"end":{"line":28,"column":80}},"30":{"start":{"line":29,"column":22},"end":{"line":31,"column":5}},"31":{"start":{"line":30,"column":8},"end":{"line":30,"column":26}},"32":{"start":{"line":32,"column":27},"end":{"line":44,"column":5}},"33":{"start":{"line":33,"column":8},"end":{"line":43,"column":9}},"34":{"start":{"line":35,"column":16},"end":{"line":35,"column":33}},"35":{"start":{"line":37,"column":16},"end":{"line":37,"column":33}},"36":{"start":{"line":39,"column":16},"end":{"line":39,"column":31}},"37":{"start":{"line":42,"column":16},"end":{"line":42,"column":30}},"38":{"start":{"line":45,"column":4},"end":{"line":50,"column":16}},"39":{"start":{"line":48,"column":63},"end":{"line":48,"column":84}}},"fnMap":{"0":{"name":"(anonymous_0)","decl":{"start":{"line":2,"column":74},"end":{"line":2,"column":75}},"loc":{"start":{"line":2,"column":96},"end":{"line":9,"column":1}},"line":2},"1":{"name":"(anonymous_1)","decl":{"start":{"line":6,"column":38},"end":{"line":6,"column":39}},"loc":{"start":{"line":6,"column":49},"end":{"line":6,"column":65}},"line":6},"2":{"name":"(anonymous_2)","decl":{"start":{"line":9,"column":6},"end":{"line":9,"column":7}},"loc":{"start":{"line":9,"column":28},"end":{"line":12,"column":1}},"line":9},"3":{"name":"(anonymous_3)","decl":{"start":{"line":13,"column":80},"end":{"line":13,"column":81}},"loc":{"start":{"line":13,"column":95},"end":{"line":15,"column":1}},"line":13},"4":{"name":"(anonymous_4)","decl":{"start":{"line":15,"column":5},"end":{"line":15,"column":6}},"loc":{"start":{"line":15,"column":20},"end":{"line":17,"column":1}},"line":15},"5":{"name":"(anonymous_5)","decl":{"start":{"line":18,"column":50},"end":{"line":18,"column":51}},"loc":{"start":{"line":18,"column":65},"end":{"line":24,"column":1}},"line":18},"6":{"name":"(anonymous_6)","decl":{"start":{"line":27,"column":17},"end":{"line":27,"column":18}},"loc":{"start":{"line":27,"column":34},"end":{"line":51,"column":1}},"line":27},"7":{"name":"(anonymous_7)","decl":{"start":{"line":29,"column":22},"end":{"line":29,"column":23}},"loc":{"start":{"line":29,"column":34},"end":{"line":31,"column":5}},"line":29},"8":{"name":"(anonymous_8)","decl":{"start":{"line":32,"column":27},"end":{"line":32,"column":28}},"loc":{"start":{"line":32,"column":43},"end":{"line":44,"column":5}},"line":32},"9":{"name":"(anonymous_9)","decl":{"start":{"line":48,"column":49},"end":{"line":48,"column":50}},"loc":{"start":{"line":48,"column":61},"end":{"line":48,"column":86}},"line":48}},"branchMap":{"0":{"loc":{"start":{"line":2,"column":22},"end":{"line":12,"column":3}},"type":"binary-expr","locations":[{"start":{"line":2,"column":23},"end":{"line":2,"column":27}},{"start":{"line":2,"column":31},"end":{"line":2,"column":51}},{"start":{"line":2,"column":57},"end":{"line":12,"column":2}}],"line":2},"1":{"loc":{"start":{"line":2,"column":57},"end":{"line":12,"column":2}},"type":"cond-expr","locations":[{"start":{"line":2,"column":74},"end":{"line":9,"column":1}},{"start":{"line":9,"column":6},"end":{"line":12,"column":1}}],"line":2},"2":{"loc":{"start":{"line":3,"column":4},"end":{"line":3,"column":33}},"type":"if","locations":[{"start":{"line":3,"column":4},"end":{"line":3,"column":33}},{"start":{"line":3,"column":4},"end":{"line":3,"column":33}}],"line":3},"3":{"loc":{"start":{"line":5,"column":4},"end":{"line":7,"column":5}},"type":"if","locations":[{"start":{"line":5,"column":4},"end":{"line":7,"column":5}},{"start":{"line":5,"column":4},"end":{"line":7,"column":5}}],"line":5},"4":{"loc":{"start":{"line":5,"column":8},"end":{"line":5,"column":85}},"type":"binary-expr","locations":[{"start":{"line":5,"column":8},"end":{"line":5,"column":13}},{"start":{"line":5,"column":18},"end":{"line":5,"column":84}}],"line":5},"5":{"loc":{"start":{"line":5,"column":18},"end":{"line":5,"column":84}},"type":"cond-expr","locations":[{"start":{"line":5,"column":34},"end":{"line":5,"column":47}},{"start":{"line":5,"column":50},"end":{"line":5,"column":84}}],"line":5},"6":{"loc":{"start":{"line":5,"column":50},"end":{"line":5,"column":84}},"type":"binary-expr","locations":[{"start":{"line":5,"column":50},"end":{"line":5,"column":63}},{"start":{"line":5,"column":67},"end":{"line":5,"column":84}}],"line":5},"7":{"loc":{"start":{"line":10,"column":4},"end":{"line":10,"column":33}},"type":"if","locations":[{"start":{"line":10,"column":4},"end":{"line":10,"column":33}},{"start":{"line":10,"column":4},"end":{"line":10,"column":33}}],"line":10},"8":{"loc":{"start":{"line":13,"column":25},"end":{"line":17,"column":2}},"type":"binary-expr","locations":[{"start":{"line":13,"column":26},"end":{"line":13,"column":30}},{"start":{"line":13,"column":34},"end":{"line":13,"column":57}},{"start":{"line":13,"column":63},"end":{"line":17,"column":1}}],"line":13},"9":{"loc":{"start":{"line":13,"column":63},"end":{"line":17,"column":1}},"type":"cond-expr","locations":[{"start":{"line":13,"column":80},"end":{"line":15,"column":1}},{"start":{"line":15,"column":5},"end":{"line":17,"column":1}}],"line":13},"10":{"loc":{"start":{"line":18,"column":19},"end":{"line":24,"column":1}},"type":"binary-expr","locations":[{"start":{"line":18,"column":20},"end":{"line":18,"column":24}},{"start":{"line":18,"column":28},"end":{"line":18,"column":45}},{"start":{"line":18,"column":50},"end":{"line":24,"column":1}}],"line":18},"11":{"loc":{"start":{"line":19,"column":4},"end":{"line":19,"column":42}},"type":"if","locations":[{"start":{"line":19,"column":4},"end":{"line":19,"column":42}},{"start":{"line":19,"column":4},"end":{"line":19,"column":42}}],"line":19},"12":{"loc":{"start":{"line":19,"column":8},"end":{"line":19,"column":29}},"type":"binary-expr","locations":[{"start":{"line":19,"column":8},"end":{"line":19,"column":11}},{"start":{"line":19,"column":15},"end":{"line":19,"column":29}}],"line":19},"13":{"loc":{"start":{"line":21,"column":4},"end":{"line":21,"column":141}},"type":"if","locations":[{"start":{"line":21,"column":4},"end":{"line":21,"column":141}},{"start":{"line":21,"column":4},"end":{"line":21,"column":141}}],"line":21},"14":{"loc":{"start":{"line":21,"column":40},"end":{"line":21,"column":141}},"type":"if","locations":[{"start":{"line":21,"column":40},"end":{"line":21,"column":141}},{"start":{"line":21,"column":40},"end":{"line":21,"column":141}}],"line":21},"15":{"loc":{"start":{"line":21,"column":44},"end":{"line":21,"column":107}},"type":"binary-expr","locations":[{"start":{"line":21,"column":44},"end":{"line":21,"column":59}},{"start":{"line":21,"column":63},"end":{"line":21,"column":107}}],"line":21},"16":{"loc":{"start":{"line":33,"column":8},"end":{"line":43,"column":9}},"type":"switch","locations":[{"start":{"line":34,"column":12},"end":{"line":35,"column":33}},{"start":{"line":36,"column":12},"end":{"line":37,"column":33}},{"start":{"line":38,"column":12},"end":{"line":39,"column":31}},{"start":{"line":40,"column":12},"end":{"line":40,"column":24}},{"start":{"line":41,"column":12},"end":{"line":42,"column":30}}],"line":33},"17":{"loc":{"start":{"line":45,"column":12},"end":{"line":50,"column":14}},"type":"binary-expr","locations":[{"start":{"line":45,"column":12},"end":{"line":45,"column":21}},{"start":{"line":46,"column":8},"end":{"line":50,"column":14}}],"line":45},"18":{"loc":{"start":{"line":47,"column":13},"end":{"line":48,"column":96}},"type":"binary-expr","locations":[{"start":{"line":47,"column":13},"end":{"line":47,"column":27}},{"start":{"line":48,"column":16},"end":{"line":48,"column":96}}],"line":47}},"s":{"0":0,"1":0,"2":0,"3":0,"4":0,"5":0,"6":0,"7":0,"8":0,"9":0,"10":0,"11":0,"12":0,"13":0,"14":0,"15":0,"16":0,"17":0,"18":0,"19":0,"20":0,"21":0,"22":0,"23":0,"24":0,"25":0,"26":0,"27":0,"28":0,"29":0,"30":0,"31":0,"32":0,"33":0,"34":0,"35":0,"36":0,"37":0,"38":0,"39":0},"f":{"0":0,"1":0,"2":0,"3":0,"4":0,"5":0,"6":0,"7":0,"8":0,"9":0},"b":{"0":[0,0,0],"1":[0,0],"2":[0,0],"3":[0,0],"4":[0,0],"5":[0,0],"6":[0,0],"7":[0,0],"8":[0,0,0],"9":[0,0],"10":[0,0,0],"11":[0,0],"12":[0,0],"13":[0,0],"14":[0,0],"15":[0,0],"16":[0,0,0,0,0],"17":[0,0],"18":[0,0]},"inputSourceMap":{"version":3,"file":"/home/rick/Dokumente/Privat/golden-key/src/client/app/components/Notification/Notification.tsx","sources":["/home/rick/Dokumente/Privat/golden-key/src/client/app/components/Notification/Notification.tsx"],"names":[],"mappings":";;;;;;;;;;;;;;;;;;;;;;;;AAAA,6CAAwC;AAExC,+BAA6B;AAU7B,iBAAS,UAAC,KAAqB;IAErB,IAAA,KAA4B,IAAA,gBAAQ,EAAC,KAAK,CAAC,EAAzC,QAAQ,QAAA,EAAE,WAAW,QAAoB,CAAC;IAElD,IAAM,WAAW,GAAG;QAEhB,WAAW,CAAC,IAAI,CAAC,CAAC;IACtB,CAAC,CAAC;IAEF,IAAM,gBAAgB,GAAG,UAAC,IAAa;QAEnC,QAAO,IAAI,EACX;YACA,KAAK,SAAS;gBACV,OAAO,SAAS,CAAC;YACrB,KAAK,SAAS;gBACV,OAAO,SAAS,CAAC;YACrB,KAAK,OAAO;gBACR,OAAO,OAAO,CAAC;YACnB,KAAK,MAAM,CAAC;YACZ;gBACI,OAAO,MAAM,CAAC;SACjB;IACL,CAAC,CAAC;IAEF,OAAO,CACH,CAAC,QAAQ;QACT,CAAC,GAAG,CAAC,SAAS,CAAC,CAAC,uBAAiB,gBAAgB,CAAC,KAAK,CAAC,IAAI,CAAC,CAAG,CAAC,CAC7D;YAAA,CACI,KAAK,CAAC,QAAQ;gBACd,CAAC,IAAI,CACD,SAAS,CAAC,OAAO,CACjB,OAAO,CAAC,CAAE,cAAM,OAAA,WAAW,EAAE,EAAb,CAAa,CAAE,CAClC,CAAC,EAAE,IAAI,CAAC,CAEb;YAAA,CAAE,KAAK,CAAC,QAAQ,CACpB;QAAA,EAAE,GAAG,CAAC,CACT,CAAC;AACN,CAAC,CAAA","sourcesContent":["import React, { useState } from 'react';\n\nimport './Notification.scss';\n\ninterface INotification\n{\n    children?: React.ReactNode;\n    type: string;\n    closable?: boolean;\n    key?: number;\n}\n\nexport = (props : INotification) =>\n{\n    const [ isClosed, setIsClosed ] = useState(false);\n\n    const handleClose = () =>\n    {\n        setIsClosed(true);\n    };\n\n    const notificationType = (type : string) =>\n    {\n        switch(type)\n        {\n        case 'warning':\n            return 'warning';\n        case 'success':\n            return 'success';\n        case 'error':\n            return 'error';\n        case 'info':\n        default:\n            return 'info';\n        }\n    };\n\n    return (\n        !isClosed &&\n        <div className={`Notification ${ notificationType(props.type) }`}>\n            {\n                props.closable &&\n                <span\n                    className=\"close\"\n                    onClick={ () => handleClose() }\n                >✕</span>\n            }\n            { props.children }\n        </div>\n    );\n}\n"]},"all":true},"/home/rick/Dokumente/Privat/golden-key/src/client/app/pages/Dashboard.tsx":{"path":"/home/rick/Dokumente/Privat/golden-key/src/client/app/pages/Dashboard.tsx","statementMap":{"0":{"start":{"line":2,"column":15},"end":{"line":12,"column":1}},"1":{"start":{"line":3,"column":4},"end":{"line":10,"column":6}},"2":{"start":{"line":4,"column":8},"end":{"line":8,"column":9}},"3":{"start":{"line":4,"column":24},"end":{"line":4,"column":25}},"4":{"start":{"line":4,"column":31},"end":{"line":4,"column":47}},"5":{"start":{"line":5,"column":12},"end":{"line":5,"column":29}},"6":{"start":{"line":6,"column":12},"end":{"line":7,"column":28}},"7":{"start":{"line":6,"column":29},"end":{"line":7,"column":28}},"8":{"start":{"line":7,"column":16},"end":{"line":7,"column":28}},"9":{"start":{"line":9,"column":8},"end":{"line":9,"column":17}},"10":{"start":{"line":11,"column":4},"end":{"line":11,"column":43}},"11":{"start":{"line":13,"column":22},"end":{"line":23,"column":3}},"12":{"start":{"line":14,"column":4},"end":{"line":14,"column":33}},"13":{"start":{"line":14,"column":26},"end":{"line":14,"column":33}},"14":{"start":{"line":15,"column":15},"end":{"line":15,"column":52}},"15":{"start":{"line":16,"column":4},"end":{"line":18,"column":5}},"16":{"start":{"line":17,"column":6},"end":{"line":17,"column":68}},"17":{"start":{"line":17,"column":51},"end":{"line":17,"column":63}},"18":{"start":{"line":19,"column":4},"end":{"line":19,"column":39}},"19":{"start":{"line":21,"column":4},"end":{"line":21,"column":33}},"20":{"start":{"line":21,"column":26},"end":{"line":21,"column":33}},"21":{"start":{"line":22,"column":4},"end":{"line":22,"column":17}},"22":{"start":{"line":24,"column":25},"end":{"line":28,"column":2}},"23":{"start":{"line":25,"column":4},"end":{"line":25,"column":72}},"24":{"start":{"line":27,"column":4},"end":{"line":27,"column":21}},"25":{"start":{"line":29,"column":19},"end":{"line":35,"column":1}},"26":{"start":{"line":30,"column":4},"end":{"line":30,"column":42}},"27":{"start":{"line":30,"column":31},"end":{"line":30,"column":42}},"28":{"start":{"line":31,"column":17},"end":{"line":31,"column":19}},"29":{"start":{"line":32,"column":4},"end":{"line":32,"column":141}},"30":{"start":{"line":32,"column":21},"end":{"line":32,"column":141}},"31":{"start":{"line":32,"column":40},"end":{"line":32,"column":141}},"32":{"start":{"line":32,"column":109},"end":{"line":32,"column":141}},"33":{"start":{"line":33,"column":4},"end":{"line":33,"column":36}},"34":{"start":{"line":34,"column":4},"end":{"line":34,"column":18}},"35":{"start":{"line":36,"column":22},"end":{"line":38,"column":1}},"36":{"start":{"line":37,"column":4},"end":{"line":37,"column":62}},"37":{"start":{"line":39,"column":0},"end":{"line":39,"column":62}},"38":{"start":{"line":40,"column":14},"end":{"line":40,"column":44}},"39":{"start":{"line":41,"column":25},"end":{"line":41,"column":52}},"40":{"start":{"line":42,"column":14},"end":{"line":42,"column":47}},"41":{"start":{"line":43,"column":25},"end":{"line":43,"column":55}},"42":{"start":{"line":45,"column":13},"end":{"line":45,"column":72}},"43":{"start":{"line":45,"column":81},"end":{"line":45,"column":88}},"44":{"start":{"line":45,"column":100},"end":{"line":45,"column":110}},"45":{"start":{"line":46,"column":19},"end":{"line":46,"column":56}},"46":{"start":{"line":47,"column":4},"end":{"line":59,"column":11}},"47":{"start":{"line":48,"column":8},"end":{"line":58,"column":11}},"48":{"start":{"line":52,"column":12},"end":{"line":52,"column":84}},"49":{"start":{"line":55,"column":12},"end":{"line":57,"column":13}},"50":{"start":{"line":56,"column":16},"end":{"line":56,"column":35}},"51":{"start":{"line":60,"column":4},"end":{"line":63,"column":16}},"52":{"start":{"line":65,"column":0},"end":{"line":65,"column":28}}},"fnMap":{"0":{"name":"(anonymous_0)","decl":{"start":{"line":2,"column":42},"end":{"line":2,"column":43}},"loc":{"start":{"line":2,"column":54},"end":{"line":12,"column":1}},"line":2},"1":{"name":"(anonymous_1)","decl":{"start":{"line":3,"column":32},"end":{"line":3,"column":33}},"loc":{"start":{"line":3,"column":44},"end":{"line":10,"column":5}},"line":3},"2":{"name":"(anonymous_2)","decl":{"start":{"line":13,"column":74},"end":{"line":13,"column":75}},"loc":{"start":{"line":13,"column":96},"end":{"line":20,"column":1}},"line":13},"3":{"name":"(anonymous_3)","decl":{"start":{"line":17,"column":38},"end":{"line":17,"column":39}},"loc":{"start":{"line":17,"column":49},"end":{"line":17,"column":65}},"line":17},"4":{"name":"(anonymous_4)","decl":{"start":{"line":20,"column":6},"end":{"line":20,"column":7}},"loc":{"start":{"line":20,"column":28},"end":{"line":23,"column":1}},"line":20},"5":{"name":"(anonymous_5)","decl":{"start":{"line":24,"column":80},"end":{"line":24,"column":81}},"loc":{"start":{"line":24,"column":95},"end":{"line":26,"column":1}},"line":24},"6":{"name":"(anonymous_6)","decl":{"start":{"line":26,"column":5},"end":{"line":26,"column":6}},"loc":{"start":{"line":26,"column":20},"end":{"line":28,"column":1}},"line":26},"7":{"name":"(anonymous_7)","decl":{"start":{"line":29,"column":50},"end":{"line":29,"column":51}},"loc":{"start":{"line":29,"column":65},"end":{"line":35,"column":1}},"line":29},"8":{"name":"(anonymous_8)","decl":{"start":{"line":36,"column":56},"end":{"line":36,"column":57}},"loc":{"start":{"line":36,"column":71},"end":{"line":38,"column":1}},"line":36},"9":{"name":"Dashboard","decl":{"start":{"line":44,"column":9},"end":{"line":44,"column":18}},"loc":{"start":{"line":44,"column":21},"end":{"line":64,"column":1}},"line":44},"10":{"name":"(anonymous_10)","decl":{"start":{"line":47,"column":27},"end":{"line":47,"column":28}},"loc":{"start":{"line":47,"column":39},"end":{"line":59,"column":5}},"line":47},"11":{"name":"(anonymous_11)","decl":{"start":{"line":51,"column":16},"end":{"line":51,"column":17}},"loc":{"start":{"line":51,"column":36},"end":{"line":53,"column":9}},"line":51},"12":{"name":"(anonymous_12)","decl":{"start":{"line":53,"column":17},"end":{"line":53,"column":18}},"loc":{"start":{"line":53,"column":34},"end":{"line":58,"column":9}},"line":53}},"branchMap":{"0":{"loc":{"start":{"line":2,"column":15},"end":{"line":12,"column":1}},"type":"binary-expr","locations":[{"start":{"line":2,"column":16},"end":{"line":2,"column":20}},{"start":{"line":2,"column":24},"end":{"line":2,"column":37}},{"start":{"line":2,"column":42},"end":{"line":12,"column":1}}],"line":2},"1":{"loc":{"start":{"line":3,"column":15},"end":{"line":10,"column":5}},"type":"binary-expr","locations":[{"start":{"line":3,"column":15},"end":{"line":3,"column":28}},{"start":{"line":3,"column":32},"end":{"line":10,"column":5}}],"line":3},"2":{"loc":{"start":{"line":6,"column":29},"end":{"line":7,"column":28}},"type":"if","locations":[{"start":{"line":6,"column":29},"end":{"line":7,"column":28}},{"start":{"line":6,"column":29},"end":{"line":7,"column":28}}],"line":6},"3":{"loc":{"start":{"line":13,"column":22},"end":{"line":23,"column":3}},"type":"binary-expr","locations":[{"start":{"line":13,"column":23},"end":{"line":13,"column":27}},{"start":{"line":13,"column":31},"end":{"line":13,"column":51}},{"start":{"line":13,"column":57},"end":{"line":23,"column":2}}],"line":13},"4":{"loc":{"start":{"line":13,"column":57},"end":{"line":23,"column":2}},"type":"cond-expr","locations":[{"start":{"line":13,"column":74},"end":{"line":20,"column":1}},{"start":{"line":20,"column":6},"end":{"line":23,"column":1}}],"line":13},"5":{"loc":{"start":{"line":14,"column":4},"end":{"line":14,"column":33}},"type":"if","locations":[{"start":{"line":14,"column":4},"end":{"line":14,"column":33}},{"start":{"line":14,"column":4},"end":{"line":14,"column":33}}],"line":14},"6":{"loc":{"start":{"line":16,"column":4},"end":{"line":18,"column":5}},"type":"if","locations":[{"start":{"line":16,"column":4},"end":{"line":18,"column":5}},{"start":{"line":16,"column":4},"end":{"line":18,"column":5}}],"line":16},"7":{"loc":{"start":{"line":16,"column":8},"end":{"line":16,"column":85}},"type":"binary-expr","locations":[{"start":{"line":16,"column":8},"end":{"line":16,"column":13}},{"start":{"line":16,"column":18},"end":{"line":16,"column":84}}],"line":16},"8":{"loc":{"start":{"line":16,"column":18},"end":{"line":16,"column":84}},"type":"cond-expr","locations":[{"start":{"line":16,"column":34},"end":{"line":16,"column":47}},{"start":{"line":16,"column":50},"end":{"line":16,"column":84}}],"line":16},"9":{"loc":{"start":{"line":16,"column":50},"end":{"line":16,"column":84}},"type":"binary-expr","locations":[{"start":{"line":16,"column":50},"end":{"line":16,"column":63}},{"start":{"line":16,"column":67},"end":{"line":16,"column":84}}],"line":16},"10":{"loc":{"start":{"line":21,"column":4},"end":{"line":21,"column":33}},"type":"if","locations":[{"start":{"line":21,"column":4},"end":{"line":21,"column":33}},{"start":{"line":21,"column":4},"end":{"line":21,"column":33}}],"line":21},"11":{"loc":{"start":{"line":24,"column":25},"end":{"line":28,"column":2}},"type":"binary-expr","locations":[{"start":{"line":24,"column":26},"end":{"line":24,"column":30}},{"start":{"line":24,"column":34},"end":{"line":24,"column":57}},{"start":{"line":24,"column":63},"end":{"line":28,"column":1}}],"line":24},"12":{"loc":{"start":{"line":24,"column":63},"end":{"line":28,"column":1}},"type":"cond-expr","locations":[{"start":{"line":24,"column":80},"end":{"line":26,"column":1}},{"start":{"line":26,"column":5},"end":{"line":28,"column":1}}],"line":24},"13":{"loc":{"start":{"line":29,"column":19},"end":{"line":35,"column":1}},"type":"binary-expr","locations":[{"start":{"line":29,"column":20},"end":{"line":29,"column":24}},{"start":{"line":29,"column":28},"end":{"line":29,"column":45}},{"start":{"line":29,"column":50},"end":{"line":35,"column":1}}],"line":29},"14":{"loc":{"start":{"line":30,"column":4},"end":{"line":30,"column":42}},"type":"if","locations":[{"start":{"line":30,"column":4},"end":{"line":30,"column":42}},{"start":{"line":30,"column":4},"end":{"line":30,"column":42}}],"line":30},"15":{"loc":{"start":{"line":30,"column":8},"end":{"line":30,"column":29}},"type":"binary-expr","locations":[{"start":{"line":30,"column":8},"end":{"line":30,"column":11}},{"start":{"line":30,"column":15},"end":{"line":30,"column":29}}],"line":30},"16":{"loc":{"start":{"line":32,"column":4},"end":{"line":32,"column":141}},"type":"if","locations":[{"start":{"line":32,"column":4},"end":{"line":32,"column":141}},{"start":{"line":32,"column":4},"end":{"line":32,"column":141}}],"line":32},"17":{"loc":{"start":{"line":32,"column":40},"end":{"line":32,"column":141}},"type":"if","locations":[{"start":{"line":32,"column":40},"end":{"line":32,"column":141}},{"start":{"line":32,"column":40},"end":{"line":32,"column":141}}],"line":32},"18":{"loc":{"start":{"line":32,"column":44},"end":{"line":32,"column":107}},"type":"binary-expr","locations":[{"start":{"line":32,"column":44},"end":{"line":32,"column":59}},{"start":{"line":32,"column":63},"end":{"line":32,"column":107}}],"line":32},"19":{"loc":{"start":{"line":36,"column":22},"end":{"line":38,"column":1}},"type":"binary-expr","locations":[{"start":{"line":36,"column":23},"end":{"line":36,"column":27}},{"start":{"line":36,"column":31},"end":{"line":36,"column":51}},{"start":{"line":36,"column":56},"end":{"line":38,"column":1}}],"line":36},"20":{"loc":{"start":{"line":37,"column":11},"end":{"line":37,"column":61}},"type":"cond-expr","locations":[{"start":{"line":37,"column":37},"end":{"line":37,"column":40}},{"start":{"line":37,"column":43},"end":{"line":37,"column":61}}],"line":37},"21":{"loc":{"start":{"line":37,"column":12},"end":{"line":37,"column":33}},"type":"binary-expr","locations":[{"start":{"line":37,"column":12},"end":{"line":37,"column":15}},{"start":{"line":37,"column":19},"end":{"line":37,"column":33}}],"line":37},"22":{"loc":{"start":{"line":55,"column":12},"end":{"line":57,"column":13}},"type":"if","locations":[{"start":{"line":55,"column":12},"end":{"line":57,"column":13}},{"start":{"line":55,"column":12},"end":{"line":57,"column":13}}],"line":55},"23":{"loc":{"start":{"line":55,"column":17},"end":{"line":55,"column":85}},"type":"cond-expr","locations":[{"start":{"line":55,"column":67},"end":{"line":55,"column":73}},{"start":{"line":55,"column":76},"end":{"line":55,"column":85}}],"line":55},"24":{"loc":{"start":{"line":55,"column":17},"end":{"line":55,"column":64}},"type":"binary-expr","locations":[{"start":{"line":55,"column":17},"end":{"line":55,"column":47}},{"start":{"line":55,"column":51},"end":{"line":55,"column":64}}],"line":55}},"s":{"0":0,"1":0,"2":0,"3":0,"4":0,"5":0,"6":0,"7":0,"8":0,"9":0,"10":0,"11":0,"12":0,"13":0,"14":0,"15":0,"16":0,"17":0,"18":0,"19":0,"20":0,"21":0,"22":0,"23":0,"24":0,"25":0,"26":0,"27":0,"28":0,"29":0,"30":0,"31":0,"32":0,"33":0,"34":0,"35":0,"36":0,"37":0,"38":0,"39":0,"40":0,"41":0,"42":0,"43":0,"44":0,"45":0,"46":0,"47":0,"48":0,"49":0,"50":0,"51":0,"52":0},"f":{"0":0,"1":0,"2":0,"3":0,"4":0,"5":0,"6":0,"7":0,"8":0,"9":0,"10":0,"11":0,"12":0},"b":{"0":[0,0,0],"1":[0,0],"2":[0,0],"3":[0,0,0],"4":[0,0],"5":[0,0],"6":[0,0],"7":[0,0],"8":[0,0],"9":[0,0],"10":[0,0],"11":[0,0,0],"12":[0,0],"13":[0,0,0],"14":[0,0],"15":[0,0],"16":[0,0],"17":[0,0],"18":[0,0],"19":[0,0,0],"20":[0,0],"21":[0,0],"22":[0,0],"23":[0,0],"24":[0,0]},"inputSourceMap":{"version":3,"file":"/home/rick/Dokumente/Privat/golden-key/src/client/app/pages/Dashboard.tsx","sources":["/home/rick/Dokumente/Privat/golden-key/src/client/app/pages/Dashboard.tsx"],"names":[],"mappings":";;;;;;;;;;;;;;;;;;;;;;;;;;;;;;;;;;;;;;;AAAA,6CAAqD;AACrD,qDAA+C;AAC/C,gDAA0C;AAC1C,wDAAsD;AAEtD,SAAwB,SAAS;IAEvB,IAAA,KAAoB,IAAA,kBAAU,EAAC,kCAAe,CAAC,EAA7C,IAAI,UAAA,EAAE,OAAO,aAAgC,CAAC;IAEtD,IAAM,QAAQ,GAAG,IAAA,8BAAW,GAAE,CAAC;IAE/B,IAAA,iBAAS,EAAC;QAEN,IAAA,eAAK,EAAC;YACF,MAAM,EAAE,MAAM;YACd,GAAG,EAAE,iBAAiB;SAEzB,CAAC,CAAC,IAAI,CAAC,UAAC,QAAc;YAEnB,OAAO,uBAAM,QAAQ,CAAC,IAAI,CAAC,IAAI,KAAE,QAAQ,EAAE,IAAI,IAAG,CAAC;QAEvD,CAAC,CAAC,CAAC,KAAK,CAAC,UAAC,KAAiB;;YAEvB,IAAI,CAAA,MAAA,KAAK,CAAC,QAAQ,0CAAE,MAAM,MAAK,GAAG,EAClC;gBACI,QAAQ,CAAC,QAAQ,CAAC,CAAC;aACtB;QACL,CAAC,CAAC,CAAC;IACP,CAAC,EAAE,EAAE,CAAC,CAAC;IAEP,OAAO,CACH,CAAC,GAAG,CACA;YAAA,CAAC,EAAE,CAAC,SAAS,EAAE,EAAE,CACjB;YAAA,CAAC,EAAE,CAAC,iCAAiC,CAAE,IAAI,CAAC,QAAQ,CAAE,EAAE,EAAE,CAC9D;QAAA,EAAE,GAAG,CAAC,CACT,CAAC;AACN,CAAC;AA/BD,4BA+BC","sourcesContent":["import React, { useEffect, useContext } from 'react';\nimport { useNavigate } from 'react-router-dom';\nimport axios, { AxiosError } from 'axios';\nimport { UserDataContext } from '../UserDataProvider';\n\nexport default function Dashboard()\n{\n    const { user, setUser } = useContext(UserDataContext);\n    \n    const navigate = useNavigate();\n\n    useEffect(() =>\n    {\n        axios({\n            method: 'post',\n            url: '/api/users/auth',\n\n        }).then((response : any) =>\n        {\n            setUser({ ...response.data.user, loggedIn: true });\n\n        }).catch((error: AxiosError) =>\n        {\n            if (error.response?.status === 403)\n            {\n                navigate('/login');\n            }\n        });\n    }, []);\n\n    return (\n        <div>\n            <h1>Dashboard</h1>\n            <h2>Willkommen auf deinem Dashboard, { user.username }</h2>\n        </div>\n    );\n}\n"]},"all":true},"/home/rick/Dokumente/Privat/golden-key/src/client/app/pages/Home.tsx":{"path":"/home/rick/Dokumente/Privat/golden-key/src/client/app/pages/Home.tsx","statementMap":{"0":{"start":{"line":2,"column":0},"end":{"line":2,"column":62}},"1":{"start":{"line":4,"column":4},"end":{"line":6,"column":16}},"2":{"start":{"line":8,"column":0},"end":{"line":8,"column":23}}},"fnMap":{"0":{"name":"Home","decl":{"start":{"line":3,"column":9},"end":{"line":3,"column":13}},"loc":{"start":{"line":3,"column":16},"end":{"line":7,"column":1}},"line":3}},"branchMap":{},"s":{"0":0,"1":0,"2":0},"f":{"0":0},"b":{},"inputSourceMap":{"version":3,"file":"/home/rick/Dokumente/Privat/golden-key/src/client/app/pages/Home.tsx","sources":["/home/rick/Dokumente/Privat/golden-key/src/client/app/pages/Home.tsx"],"names":[],"mappings":";;AACA,SAAwB,IAAI;IAExB,OAAO,CACH,CAAC,GAAG,CAAC,EAAE,CAAC,MAAM,CACV;YAAA,CAAC,EAAE,CAAC,IAAI,EAAE,EAAE,CAChB;QAAA,EAAE,GAAG,CAAC,CACT,CAAC;AACN,CAAC;AAPD,uBAOC","sourcesContent":["\nexport default function Home()\n{\n    return (\n        <div id=\"Home\">\n            <h1>Home</h1>\n        </div>\n    );\n}\n"]},"all":true},"/home/rick/Dokumente/Privat/golden-key/src/client/app/pages/index.ts":{"path":"/home/rick/Dokumente/Privat/golden-key/src/client/app/pages/index.ts","statementMap":{"0":{"start":{"line":2,"column":22},"end":{"line":4,"column":1}},"1":{"start":{"line":3,"column":4},"end":{"line":3,"column":62}},"2":{"start":{"line":5,"column":0},"end":{"line":5,"column":62}},"3":{"start":{"line":6,"column":0},"end":{"line":6,"column":96}},"4":{"start":{"line":7,"column":17},"end":{"line":7,"column":55}},"5":{"start":{"line":8,"column":0},"end":{"line":8,"column":38}},"6":{"start":{"line":9,"column":14},"end":{"line":9,"column":49}},"7":{"start":{"line":10,"column":0},"end":{"line":10,"column":32}},"8":{"start":{"line":11,"column":17},"end":{"line":11,"column":55}},"9":{"start":{"line":12,"column":0},"end":{"line":12,"column":38}},"10":{"start":{"line":13,"column":13},"end":{"line":13,"column":47}},"11":{"start":{"line":14,"column":0},"end":{"line":14,"column":30}},"12":{"start":{"line":15,"column":18},"end":{"line":15,"column":57}},"13":{"start":{"line":16,"column":0},"end":{"line":16,"column":40}}},"fnMap":{"0":{"name":"(anonymous_0)","decl":{"start":{"line":2,"column":56},"end":{"line":2,"column":57}},"loc":{"start":{"line":2,"column":71},"end":{"line":4,"column":1}},"line":2}},"branchMap":{"0":{"loc":{"start":{"line":2,"column":22},"end":{"line":4,"column":1}},"type":"binary-expr","locations":[{"start":{"line":2,"column":23},"end":{"line":2,"column":27}},{"start":{"line":2,"column":31},"end":{"line":2,"column":51}},{"start":{"line":2,"column":56},"end":{"line":4,"column":1}}],"line":2},"1":{"loc":{"start":{"line":3,"column":11},"end":{"line":3,"column":61}},"type":"cond-expr","locations":[{"start":{"line":3,"column":37},"end":{"line":3,"column":40}},{"start":{"line":3,"column":43},"end":{"line":3,"column":61}}],"line":3},"2":{"loc":{"start":{"line":3,"column":12},"end":{"line":3,"column":33}},"type":"binary-expr","locations":[{"start":{"line":3,"column":12},"end":{"line":3,"column":15}},{"start":{"line":3,"column":19},"end":{"line":3,"column":33}}],"line":3}},"s":{"0":0,"1":0,"2":0,"3":0,"4":0,"5":0,"6":0,"7":0,"8":0,"9":0,"10":0,"11":0,"12":0,"13":0},"f":{"0":0},"b":{"0":[0,0,0],"1":[0,0],"2":[0,0]},"inputSourceMap":{"version":3,"file":"/home/rick/Dokumente/Privat/golden-key/src/client/app/pages/index.ts","sources":["/home/rick/Dokumente/Privat/golden-key/src/client/app/pages/index.ts"],"names":[],"mappings":";;;;;;AAAA,wDAAkC;AAQ9B,mBARG,kBAAQ,CAQH;AAPZ,kDAA4B;AAQxB,gBARG,eAAK,CAQH;AAPT,wDAAkC;AAQ9B,mBARG,kBAAQ,CAQH;AAPZ,gDAA0B;AAQtB,eARG,cAAI,CAQH;AAPR,0DAAoC;AAGhC,oBAHG,mBAAS,CAGH","sourcesContent":["import NotFound from './NotFound';\nimport Login from './Login';\nimport Register from './Register';\nimport Home from './Home';\nimport Dashboard from './Dashboard';\n\nexport {\n    Dashboard,\n    NotFound,\n    Login,\n    Register,\n    Home\n};\n"]},"all":true},"/home/rick/Dokumente/Privat/golden-key/src/client/app/pages/Login.tsx":{"path":"/home/rick/Dokumente/Privat/golden-key/src/client/app/pages/Login.tsx","statementMap":{"0":{"start":{"line":2,"column":22},"end":{"line":12,"column":3}},"1":{"start":{"line":3,"column":4},"end":{"line":3,"column":33}},"2":{"start":{"line":3,"column":26},"end":{"line":3,"column":33}},"3":{"start":{"line":4,"column":15},"end":{"line":4,"column":52}},"4":{"start":{"line":5,"column":4},"end":{"line":7,"column":5}},"5":{"start":{"line":6,"column":6},"end":{"line":6,"column":68}},"6":{"start":{"line":6,"column":51},"end":{"line":6,"column":63}},"7":{"start":{"line":8,"column":4},"end":{"line":8,"column":39}},"8":{"start":{"line":10,"column":4},"end":{"line":10,"column":33}},"9":{"start":{"line":10,"column":26},"end":{"line":10,"column":33}},"10":{"start":{"line":11,"column":4},"end":{"line":11,"column":17}},"11":{"start":{"line":13,"column":25},"end":{"line":17,"column":2}},"12":{"start":{"line":14,"column":4},"end":{"line":14,"column":72}},"13":{"start":{"line":16,"column":4},"end":{"line":16,"column":21}},"14":{"start":{"line":18,"column":19},"end":{"line":24,"column":1}},"15":{"start":{"line":19,"column":4},"end":{"line":19,"column":42}},"16":{"start":{"line":19,"column":31},"end":{"line":19,"column":42}},"17":{"start":{"line":20,"column":17},"end":{"line":20,"column":19}},"18":{"start":{"line":21,"column":4},"end":{"line":21,"column":141}},"19":{"start":{"line":21,"column":21},"end":{"line":21,"column":141}},"20":{"start":{"line":21,"column":40},"end":{"line":21,"column":141}},"21":{"start":{"line":21,"column":109},"end":{"line":21,"column":141}},"22":{"start":{"line":22,"column":4},"end":{"line":22,"column":36}},"23":{"start":{"line":23,"column":4},"end":{"line":23,"column":18}},"24":{"start":{"line":25,"column":22},"end":{"line":27,"column":1}},"25":{"start":{"line":26,"column":4},"end":{"line":26,"column":62}},"26":{"start":{"line":28,"column":0},"end":{"line":28,"column":62}},"27":{"start":{"line":29,"column":14},"end":{"line":29,"column":44}},"28":{"start":{"line":30,"column":25},"end":{"line":30,"column":52}},"29":{"start":{"line":31,"column":14},"end":{"line":31,"column":47}},"30":{"start":{"line":32,"column":21},"end":{"line":32,"column":88}},"31":{"start":{"line":34,"column":19},"end":{"line":34,"column":56}},"32":{"start":{"line":35,"column":13},"end":{"line":35,"column":38}},"33":{"start":{"line":35,"column"
[...]
lidations.users.allreadyExits,\n    validations.users.username,\n    controllers.users.signup\n);\n\nrouter.route('/login').post(\n    controllers.users.login\n);\n\nrouter.route('/auth').post(\n    middlewares.users.authorize,\n    controllers.users.authorize\n);\n\nrouter.route('/logout').post(\n    controllers.users.logout\n);\n\nexport default router;\n"]},"all":true},"/home/rick/Dokumente/Privat/golden-key/src/server/routes/frontend.ts":{"path":"/home/rick/Dokumente/Privat/golden-key/src/server/routes/frontend.ts","statementMap":{"0":{"start":{"line":2,"column":22},"end":{"line":4,"column":1}},"1":{"start":{"line":3,"column":4},"end":{"line":3,"column":62}},"2":{"start":{"line":5,"column":0},"end":{"line":5,"column":62}},"3":{"start":{"line":6,"column":16},"end":{"line":6,"column":34}},"4":{"start":{"line":7,"column":20},"end":{"line":7,"column":64}},"5":{"start":{"line":8,"column":13},"end":{"line":8,"column":36}},"6":{"start":{"line":9,"column":0},"end":{"line":10,"column":41}},"7":{"start":{"line":11,"column":0},"end":{"line":11,"column":25}}},"fnMap":{"0":{"name":"(anonymous_0)","decl":{"start":{"line":2,"column":56},"end":{"line":2,"column":57}},"loc":{"start":{"line":2,"column":71},"end":{"line":4,"column":1}},"line":2}},"branchMap":{"0":{"loc":{"start":{"line":2,"column":22},"end":{"line":4,"column":1}},"type":"binary-expr","locations":[{"start":{"line":2,"column":23},"end":{"line":2,"column":27}},{"start":{"line":2,"column":31},"end":{"line":2,"column":51}},{"start":{"line":2,"column":56},"end":{"line":4,"column":1}}],"line":2},"1":{"loc":{"start":{"line":3,"column":11},"end":{"line":3,"column":61}},"type":"cond-expr","locations":[{"start":{"line":3,"column":37},"end":{"line":3,"column":40}},{"start":{"line":3,"column":43},"end":{"line":3,"column":61}}],"line":3},"2":{"loc":{"start":{"line":3,"column":12},"end":{"line":3,"column":33}},"type":"binary-expr","locations":[{"start":{"line":3,"column":12},"end":{"line":3,"column":15}},{"start":{"line":3,"column":19},"end":{"line":3,"column":33}}],"line":3}},"s":{"0":0,"1":0,"2":0,"3":0,"4":0,"5":0,"6":0,"7":0},"f":{"0":0},"b":{"0":[0,0,0],"1":[0,0],"2":[0,0]},"inputSourceMap":{"version":3,"file":"/home/rick/Dokumente/Privat/golden-key/src/server/routes/frontend.ts","sources":["/home/rick/Dokumente/Privat/golden-key/src/server/routes/frontend.ts"],"names":[],"mappings":";;;;;AAAA,mCAAiC;AAEjC,iEAA2C;AAE3C,IAAM,MAAM,GAAG,IAAA,gBAAM,GAAE,CAAC;AAExB,MAAM,CAAC,KAAK,CAAC,IAAI,CAAC;KACb,GAAG,CAAC,qBAAW,CAAC,QAAQ,CAAC,CAAC;AAE/B,kBAAe,MAAM,CAAC","sourcesContent":["import { Router } from 'express';\n\nimport controllers from './../controllers';\n\nconst router = Router();\n\nrouter.route('/*')\n    .get(controllers.frontend);\n\nexport default router;\n"]},"all":true},"/home/rick/Dokumente/Privat/golden-key/src/server/routes/index.ts":{"path":"/home/rick/Dokumente/Privat/golden-key/src/server/routes/index.ts","statementMap":{"0":{"start":{"line":2,"column":22},"end":{"line":4,"column":1}},"1":{"start":{"line":3,"column":4},"end":{"line":3,"column":62}},"2":{"start":{"line":5,"column":0},"end":{"line":5,"column":62}},"3":{"start":{"line":6,"column":17},"end":{"line":6,"column":55}},"4":{"start":{"line":7,"column":14},"end":{"line":7,"column":53}},"5":{"start":{"line":8,"column":0},"end":{"line":11,"column":2}}},"fnMap":{"0":{"name":"(anonymous_0)","decl":{"start":{"line":2,"column":56},"end":{"line":2,"column":57}},"loc":{"start":{"line":2,"column":71},"end":{"line":4,"column":1}},"line":2}},"branchMap":{"0":{"loc":{"start":{"line":2,"column":22},"end":{"line":4,"column":1}},"type":"binary-expr","locations":[{"start":{"line":2,"column":23},"end":{"line":2,"column":27}},{"start":{"line":2,"column":31},"end":{"line":2,"column":51}},{"start":{"line":2,"column":56},"end":{"line":4,"column":1}}],"line":2},"1":{"loc":{"start":{"line":3,"column":11},"end":{"line":3,"column":61}},"type":"cond-expr","locations":[{"start":{"line":3,"column":37},"end":{"line":3,"column":40}},{"start":{"line":3,"column":43},"end":{"line":3,"column":61}}],"line":3},"2":{"loc":{"start":{"line":3,"column":12},"end":{"line":3,"column":33}},"type":"binary-expr","locations":[{"start":{"line":3,"column":12},"end":{"line":3,"column":15}},{"start":{"line":3,"column":19},"end":{"line":3,"column":33}}],"line":3}},"s":{"0":0,"1":0,"2":0,"3":0,"4":0,"5":0},"f":{"0":0},"b":{"0":[0,0,0],"1":[0,0],"2":[0,0]},"inputSourceMap":{"version":3,"file":"/home/rick/Dokumente/Privat/golden-key/src/server/routes/index.ts","sources":["/home/rick/Dokumente/Privat/golden-key/src/server/routes/index.ts"],"names":[],"mappings":";;;;;AAAA,wDAAkC;AAClC,sDAAgC;AAEhC,kBAAe;IACX,QAAQ,oBAAA;IACR,KAAK,iBAAA;CACR,CAAC","sourcesContent":["import frontend from './frontend';\nimport users from './api/users';\n\nexport default {\n    frontend,\n    users\n};\n"]},"all":true},"/home/rick/Dokumente/Privat/golden-key/src/server/utils/accessToken.ts":{"path":"/home/rick/Dokumente/Privat/golden-key/src/server/utils/accessToken.ts","statementMap":{"0":{"start":{"line":2,"column":22},"end":{"line":4,"column":1}},"1":{"start":{"line":3,"column":4},"end":{"line":3,"column":62}},"2":{"start":{"line":5,"column":0},"end":{"line":5,"column":62}},"3":{"start":{"line":6,"column":0},"end":{"line":6,"column":25}},"4":{"start":{"line":7,"column":21},"end":{"line":7,"column":61}},"5":{"start":{"line":8,"column":11},"end":{"line":11,"column":1}},"6":{"start":{"line":9,"column":17},"end":{"line":9,"column":49}},"7":{"start":{"line":10,"column":4},"end":{"line":10,"column":77}},"8":{"start":{"line":12,"column":0},"end":{"line":12,"column":33}}},"fnMap":{"0":{"name":"(anonymous_0)","decl":{"start":{"line":2,"column":56},"end":{"line":2,"column":57}},"loc":{"start":{"line":2,"column":71},"end":{"line":4,"column":1}},"line":2},"1":{"name":"(anonymous_1)","decl":{"start":{"line":8,"column":11},"end":{"line":8,"column":12}},"loc":{"start":{"line":8,"column":27},"end":{"line":11,"column":1}},"line":8}},"branchMap":{"0":{"loc":{"start":{"line":2,"column":22},"end":{"line":4,"column":1}},"type":"binary-expr","locations":[{"start":{"line":2,"column":23},"end":{"line":2,"column":27}},{"start":{"line":2,"column":31},"end":{"line":2,"column":51}},{"start":{"line":2,"column":56},"end":{"line":4,"column":1}}],"line":2},"1":{"loc":{"start":{"line":3,"column":11},"end":{"line":3,"column":61}},"type":"cond-expr","locations":[{"start":{"line":3,"column":37},"end":{"line":3,"column":40}},{"start":{"line":3,"column":43},"end":{"line":3,"column":61}}],"line":3},"2":{"loc":{"start":{"line":3,"column":12},"end":{"line":3,"column":33}},"type":"binary-expr","locations":[{"start":{"line":3,"column":12},"end":{"line":3,"column":15}},{"start":{"line":3,"column":19},"end":{"line":3,"column":33}}],"line":3}},"s":{"0":0,"1":0,"2":0,"3":0,"4":0,"5":0,"6":0,"7":0,"8":0},"f":{"0":0,"1":0},"b":{"0":[0,0,0],"1":[0,0],"2":[0,0]},"inputSourceMap":{"version":3,"file":"/home/rick/Dokumente/Privat/golden-key/src/server/utils/accessToken.ts","sources":["/home/rick/Dokumente/Privat/golden-key/src/server/utils/accessToken.ts"],"names":[],"mappings":";;;;;AAAA,yBAAuB;AACvB,8DAA+B;AAO/B,IAAM,IAAI,GAAG,UAAC,IAAgB;IAE1B,IAAM,MAAM,GAAG,MAAM,CAAC,OAAO,CAAC,GAAG,CAAC,YAAY,CAAC,CAAC;IAEhD,OAAO,sBAAG,CAAC,IAAI,CAAC,IAAI,EAAE,MAAM,EAAE,EAAE,SAAS,EAAE,OAAO,EAAE,CAAC,CAAC;AAC1D,CAAC,CAAC;AAEF,kBAAe,EAAE,IAAI,MAAA,EAAE,CAAC","sourcesContent":["import 'dotenv/config';\nimport jwt from 'jsonwebtoken';\n\ninterface IUserData\n{\n    username: string;\n}\n\nconst sign = (data : IUserData) =>\n{\n    const secret = String(process.env.SECRET_TOKEN);\n\n    return jwt.sign(data, secret, { expiresIn: '1800s' });\n};\n\nexport default { sign };\n"]},"all":true},"/home/rick/Dokumente/Privat/golden-key/src/server/utils/index.ts":{"path":"/home/rick/Dokumente/Privat/golden-key/src/server/utils/index.ts","statementMap":{"0":{"start":{"line":2,"column":22},"end":{"line":4,"column":1}},"1":{"start":{"line":3,"column":4},"end":{"line":3,"column":62}},"2":{"start":{"line":5,"column":0},"end":{"line":5,"column":62}},"3":{"start":{"line":6,"column":0},"end":{"line":6,"column":46}},"4":{"start":{"line":7,"column":15},"end":{"line":7,"column":51}},"5":{"start":{"line":8,"column":0},"end":{"line":8,"column":34}},"6":{"start":{"line":9,"column":20},"end":{"line":9,"column":61}},"7":{"start":{"line":10,"column":0},"end":{"line":10,"column":44}}},"fnMap":{"0":{"name":"(anonymous_0)","decl":{"start":{"line":2,"column":56},"end":{"line":2,"column":57}},"loc":{"start":{"line":2,"column":71},"end":{"line":4,"column":1}},"line":2}},"branchMap":{"0":{"loc":{"start":{"line":2,"column":22},"end":{"line":4,"column":1}},"type":"binary-expr","locations":[{"start":{"line":2,"column":23},"end":{"line":2,"column":27}},{"start":{"line":2,"column":31},"end":{"line":2,"column":51}},{"start":{"line":2,"column":56},"end":{"line":4,"column":1}}],"line":2},"1":{"loc":{"start":{"line":3,"column":11},"end":{"line":3,"column":61}},"type":"cond-expr","locations":[{"start":{"line":3,"column":37},"end":{"line":3,"column":40}},{"start":{"line":3,"column":43},"end":{"line":3,"column":61}}],"line":3},"2":{"loc":{"start":{"line":3,"column":12},"end":{"line":3,"column":33}},"type":"binary-expr","locations":[{"start":{"line":3,"column":12},"end":{"line":3,"column":15}},{"start":{"line":3,"column":19},"end":{"line":3,"column":33}}],"line":3}},"s":{"0":0,"1":0,"2":0,"3":0,"4":0,"5":0,"6":0,"7":0},"f":{"0":0},"b":{"0":[0,0,0],"1":[0,0],"2":[0,0]},"inputSourceMap":{"version":3,"file":"/home/rick/Dokumente/Privat/golden-key/src/server/utils/index.ts","sources":["/home/rick/Dokumente/Privat/golden-key/src/server/utils/index.ts"],"names":[],"mappings":";;;;;;AAAA,oDAA8B;AAI1B,iBAJG,gBAAM,CAIH;AAHV,8DAAwC;AAIpC,sBAJG,qBAAW,CAIH","sourcesContent":["import logger from './logger';\nimport accessToken from './accessToken';\n\nexport {\n    logger,\n    accessToken\n};\n"]},"all":true},"/home/rick/Dokumente/Privat/golden-key/src/server/utils/logger.ts":{"path":"/home/rick/Dokumente/Privat/golden-key/src/server/utils/logger.ts","statementMap":{"0":{"start":{"line":2,"column":22},"end":{"line":4,"column":1}},"1":{"start":{"line":3,"column":4},"end":{"line":3,"column":62}},"2":{"start":{"line":6,"column":0},"end":{"line":6,"column":62}},"3":{"start":{"line":7,"column":0},"end":{"line":7,"column":25}},"4":{"start":{"line":8,"column":15},"end":{"line":8,"column":49}},"5":{"start":{"line":9,"column":18},"end":{"line":9,"column":50}},"6":{"start":{"line":10,"column":0},"end":{"line":13,"column":3}},"7":{"start":{"line":14,"column":0},"end":{"line":14,"column":58}}},"fnMap":{"0":{"name":"(anonymous_0)","decl":{"start":{"line":2,"column":56},"end":{"line":2,"column":57}},"loc":{"start":{"line":2,"column":71},"end":{"line":4,"column":1}},"line":2}},"branchMap":{"0":{"loc":{"start":{"line":2,"column":22},"end":{"line":4,"column":1}},"type":"binary-expr","locations":[{"start":{"line":2,"column":23},"end":{"line":2,"column":27}},{"start":{"line":2,"column":31},"end":{"line":2,"column":51}},{"start":{"line":2,"column":56},"end":{"line":4,"column":1}}],"line":2},"1":{"loc":{"start":{"line":3,"column":11},"end":{"line":3,"column":61}},"type":"cond-expr","locations":[{"start":{"line":3,"column":37},"end":{"line":3,"column":40}},{"start":{"line":3,"column":43},"end":{"line":3,"column":61}}],"line":3},"2":{"loc":{"start":{"line":3,"column":12},"end":{"line":3,"column":33}},"type":"binary-expr","locations":[{"start":{"line":3,"column":12},"end":{"line":3,"column":15}},{"start":{"line":3,"column":19},"end":{"line":3,"column":33}}],"line":3}},"s":{"0":0,"1":0,"2":0,"3":0,"4":0,"5":0,"6":0,"7":0},"f":{"0":0},"b":{"0":[0,0,0],"1":[0,0],"2":[0,0]},"inputSourceMap":{"version":3,"file":"/home/rick/Dokumente/Privat/golden-key/src/server/utils/logger.ts","sources":["/home/rick/Dokumente/Privat/golden-key/src/server/utils/logger.ts"],"names":[],"mappings":";;;;;;AAAA,yBAAuB;AACvB,kDAA4B;AAE5B,IAAM,WAAW,GAAG,MAAM,CAAC,OAAO,CAAC,GAAG,CAAC,YAAY,CAAC,CAAC;AAErD,gBAAM,CAAC,SAAS,CAAC;IACb,SAAS,YAAI,GAAE,WAAW,IAAI,EAAE,IAAI,EAAE,QAAQ,EAAE,KAAE;IAClD,UAAU,EAAE,EAAE,OAAO,EAAE,EAAE,SAAS,EAAE,CAAE,WAAW,CAAE,EAAE,KAAK,EAAE,MAAM,EAAE,EAAE;CACzE,CAAC,CAAC;AAEH,kBAAe,gBAAM,CAAC,SAAS,CAAC,WAAW,CAAC,CAAC","sourcesContent":["import 'dotenv/config';\nimport log4js from 'log4js';\n\nconst serviceName = String(process.env.SERVICE_NAME);\n\nlog4js.configure({\n    appenders: { [ serviceName ]: { type: 'stdout' } },\n    categories: { default: { appenders: [ serviceName ], level: 'info' } }\n});\n\nexport default log4js.getLogger(serviceName);\n"]},"all":true},"/home/rick/Dokumente/Privat/golden-key/src/server/validations/index.ts":{"path":"/home/rick/Dokumente/Privat/golden-key/src/server/validations/index.ts","statementMap":{"0":{"start":{"line":2,"column":22},"end":{"line":4,"column":1}},"1":{"start":{"line":3,"column":4},"end":{"line":3,"column":62}},"2":{"start":{"line":5,"column":0},"end":{"line":5,"column":62}},"3":{"start":{"line":6,"column":14},"end":{"line":6,"column":49}},"4":{"start":{"line":7,"column":0},"end":{"line":7,"column":45}}},"fnMap":{"0":{"name":"(anonymous_0)","decl":{"start":{"line":2,"column":56},"end":{"line":2,"column":57}},"loc":{"start":{"line":2,"column":71},"end":{"line":4,"column":1}},"line":2}},"branchMap":{"0":{"loc":{"start":{"line":2,"column":22},"end":{"line":4,"column":1}},"type":"binary-expr","locations":[{"start":{"line":2,"column":23},"end":{"line":2,"column":27}},{"start":{"line":2,"column":31},"end":{"line":2,"column":51}},{"start":{"line":2,"column":56},"end":{"line":4,"column":1}}],"line":2},"1":{"loc":{"start":{"line":3,"column":11},"end":{"line":3,"column":61}},"type":"cond-expr","locations":[{"start":{"line":3,"column":37},"end":{"line":3,"column":40}},{"start":{"line":3,"column":43},"end":{"line":3,"column":61}}],"line":3},"2":{"loc":{"start":{"line":3,"column":12},"end":{"line":3,"column":33}},"type":"binary-expr","locations":[{"start":{"line":3,"column":12},"end":{"line":3,"column":15}},{"start":{"line":3,"column":19},"end":{"line":3,"column":33}}],"line":3}},"s":{"0":0,"1":0,"2":0,"3":0,"4":0},"f":{"0":0},"b":{"0":[0,0,0],"1":[0,0],"2":[0,0]},"inputSourceMap":{"version":3,"file":"/home/rick/Dokumente/Privat/golden-key/src/server/validations/index.ts","sources":["/home/rick/Dokumente/Privat/golden-key/src/server/validations/index.ts"],"names":[],"mappings":";;;;;AAAA,kDAA4B;AAE5B,kBAAe,EAAE,KAAK,iBAAA,EAAE,CAAC","sourcesContent":["import users from './users';\n\nexport default { users };\n"]},"all":true},"/home/rick/Dokumente/Privat/golden-key/src/server/validations/users.ts":{"path":"/home/rick/Dokumente/Privat/golden-key/src/server/validations/users.ts","statementMap":{"0":{"start":{"line":2,"column":22},"end":{"line":4,"column":1}},"1":{"start":{"line":3,"column":4},"end":{"line":3,"column":62}},"2":{"start":{"line":5,"column":0},"end":{"line":5,"column":62}},"3":{"start":{"line":6,"column":26},"end":{"line":6,"column":54}},"4":{"start":{"line":7,"column":13},"end":{"line":7,"column":55}},"5":{"start":{"line":8,"column":27},"end":{"line":14,"column":2}},"6":{"start":{"line":9,"column":14},"end":{"line":9,"column":20}},"7":{"start":{"line":10,"column":4},"end":{"line":12,"column":5}},"8":{"start":{"line":11,"column":8},"end":{"line":11,"column":50}},"9":{"start":{"line":13,"column":4},"end":{"line":13,"column":16}},"10":{"start":{"line":15,"column":20},"end":{"line":21,"column":2}},"11":{"start":{"line":16,"column":4},"end":{"line":20,"column":7}},"12":{"start":{"line":17,"column":8},"end":{"line":19,"column":9}},"13":{"start":{"line":18,"column":12},"end":{"line":18,"column":58}},"14":{"start":{"line":22,"column":15},"end":{"line":24,"column":45}},"15":{"start":{"line":25,"column":15},"end":{"line":27,"column":53}},"16":{"start":{"line":28,"column":0},"end":{"line":33,"column":2}}},"fnMap":{"0":{"name":"(anonymous_0)","decl":{"start":{"line":2,"column":56},"end":{"line":2,"column":57}},"loc":{"start":{"line":2,"column":71},"end":{"line":4,"column":1}},"line":2},"1":{"name":"(anonymous_1)","decl":{"start":{"line":8,"column":88},"end":{"line":8,"column":89}},"loc":{"start":{"line":8,"column":109},"end":{"line":14,"column":1}},"line":8},"2":{"name":"(anonymous_2)","decl":{"start":{"line":15,"column":69},"end":{"line":15,"column":70}},"loc":{"start":{"line":15,"column":86},"end":{"line":21,"column":1}},"line":15},"3":{"name":"(anonymous_3)","decl":{"start":{"line":16,"column":60},"end":{"line":16,"column":61}},"loc":{"start":{"line":16,"column":76},"end":{"line":20,"column":5}},"line":16}},"branchMap":{"0":{"loc":{"start":{"line":2,"column":22},"end":{"line":4,"column":1}},"type":"binary-expr","locations":[{"start":{"line":2,"column":23},"end":{"line":2,"column":27}},{"start":{"line":2,"column":31},"end":{"line":2,"column":51}},{"start":{"line":2,"column":56},"end":{"line":4,"column":1}}],"line":2},"1":{"loc":{"start":{"line":3,"column":11},"end":{"line":3,"column":61}},"type":"cond-expr","locations":[{"start":{"line":3,"column":37},"end":{"line":3,"column":40}},{"start":{"line":3,"column":43},"end":{"line":3,"column":61}}],"line":3},"2":{"loc":{"start":{"line":3,"column":12},"end":{"line":3,"column":33}},"type":"binary-expr","locations":[{"start":{"line":3,"column":12},"end":{"line":3,"column":15}},{"start":{"line":3,"column":19},"end":{"line":3,"column":33}}],"line":3},"3":{"loc":{"start":{"line":10,"column":4},"end":{"line":12,"column":5}},"type":"if","locations":[{"start":{"line":10,"column":4},"end":{"line":12,"column":5}},{"start":{"line":10,"column":4},"end":{"line":12,"column":5}}],"line":10},"4":{"loc":{"start":{"line":17,"column":8},"end":{"line":19,"column":9}},"type":"if","locations":[{"start":{"line":17,"column":8},"end":{"line":19,"column":9}},{"start":{"line":17,"column":8},"end":{"line":19,"column":9}}],"line":17}},"s":{"0":0,"1":0,"2":0,"3":0,"4":0,"5":0,"6":0,"7":0,"8":0,"9":0,"10":0,"11":0,"12":0,"13":0,"14":0,"15":0,"16":0},"f":{"0":0,"1":0,"2":0,"3":0},"b":{"0":[0,0,0],"1":[0,0],"2":[0,0],"3":[0,0],"4":[0,0]},"inputSourceMap":{"version":3,"file":"/home/rick/Dokumente/Privat/golden-key/src/server/validations/users.ts","sources":["/home/rick/Dokumente/Privat/golden-key/src/server/validations/users.ts"],"names":[],"mappings":";;;;;AAAA,uDAAyC;AACzC,wDAAkC;AAElC,IAAM,oBAAoB,GAAG,IAAA,wBAAI,EAAC,sBAAsB,CAAC,CAAC,MAAM,CAAC,UAAC,KAAK,EAAE,EAAO;QAAL,GAAG,SAAA;IAE1E,IAAI,KAAK,KAAK,GAAG,CAAC,IAAI,CAAC,QAAQ,EAC/B;QACI,MAAM,IAAI,KAAK,CAAC,wBAAwB,CAAC,CAAC;KAC7C;IAED,OAAO,IAAI,CAAC;AAChB,CAAC,CAAC,CAAC;AAEH,IAAM,aAAa,GAAG,IAAA,wBAAI,EAAC,UAAU,CAAC,CAAC,MAAM,CAAC,UAAC,KAAK;IAEhD,OAAO,cAAI,CAAC,OAAO,CAAC,EAAE,QAAQ,EAAE,KAAK,EAAE,CAAC,CAAC,IAAI,CAAC,UAAA,IAAI;QAE9C,IAAG,IAAI,EACP;YACI,OAAO,OAAO,CAAC,MAAM,CAAC,sBAAsB,CAAC,CAAC;SACjD;IACL,CAAC,CAAC,CAAC;AACP,CAAC,CAAC,CAAC;AAEH,IAAM,QAAQ,GAAG,IAAA,wBAAI,EAAC,UAAU,CAAC;KAC5B,QAAQ,CAAC,EAAE,GAAG,EAAE,CAAC,EAAE,GAAG,EAAE,EAAE,EAAE,CAAC;KAC7B,WAAW,CAAC,2BAA2B,CAAC,CAAC;AAE9C,IAAM,QAAQ,GAAG,IAAA,wBAAI,EAAC,UAAU,CAAC;KAC5B,OAAO,EAAE;KACT,WAAW,CAAC,mCAAmC,CAAC,CAAC;AAEtD,kBAAe;IACX,oBAAoB,sBAAA;IACpB,aAAa,eAAA;IACb,QAAQ,UAAA;IACR,QAAQ,UAAA;CACX,CAAC","sourcesContent":["import { body } from 'express-validator';\nimport User from '../models/User';\n\nconst passwordConfirmation = body('passwordConfirmation').custom((value, { req }) =>\n{\n    if (value !== req.body.password)\n    {\n        throw new Error('Passwords do not match');\n    }\n\n    return true;\n});\n\nconst allreadyExits = body('username').custom((value) =>\n{\n    return User.findOne({ username: value }).then(user =>\n    {\n        if(user)\n        {\n            return Promise.reject('User already exists!');\n        }\n    });\n});\n\nconst password = body('password')\n    .isLength({ min: 8, max: 16 })\n    .withMessage('Password must be stronger');\n\nconst username = body('username')\n    .isEmail()\n    .withMessage('Username must be an email adress!');\n\nexport default {\n    passwordConfirmation,\n    allreadyExits,\n    password,\n    username\n};\n"]},"all":true}}